A3KPF5	sp|Q17770|PDI2_CAEEL	43.689	103	58	0	1	103	25	127	1.18e-55	182
A3KPF5	sp|Q17770|PDI2_CAEEL	25.714	105	72	4	1	102	365	466	1.27e-34	126
A3KPF5	sp|P13667|PDIA4_HUMAN	28.431	102	73	0	2	103	180	281	5.10e-53	178
A3KPF5	sp|P13667|PDIA4_HUMAN	30.097	103	72	0	1	103	64	166	3.07e-47	162
A3KPF5	sp|P13667|PDIA4_HUMAN	22.222	108	78	4	1	103	527	633	4.13e-33	123
A3KPF5	sp|P38659|PDIA4_RAT	29.000	100	71	0	2	101	178	277	3.27e-52	175
A3KPF5	sp|P38659|PDIA4_RAT	29.126	103	73	0	1	103	62	164	3.17e-47	162
A3KPF5	sp|P38659|PDIA4_RAT	21.296	108	79	4	1	103	525	631	6.71e-32	120
A3KPF5	sp|P08003|PDIA4_MOUSE	29.412	102	72	0	2	103	173	274	3.28e-52	175
A3KPF5	sp|P08003|PDIA4_MOUSE	29.126	103	73	0	1	103	57	159	9.11e-47	161
A3KPF5	sp|P08003|PDIA4_MOUSE	21.296	108	79	4	1	103	520	626	2.11e-32	121
A3KPF5	sp|P05307|PDIA1_BOVIN	34.906	106	66	1	1	103	28	133	3.88e-52	173
A3KPF5	sp|P05307|PDIA1_BOVIN	26.415	106	71	4	1	102	371	473	1.12e-34	126
A3KPF5	sp|P07237|PDIA1_HUMAN	34.906	106	66	1	1	103	26	131	4.78e-52	173
A3KPF5	sp|P07237|PDIA1_HUMAN	26.415	106	71	4	1	102	369	471	4.86e-35	127
A3KPF5	sp|Q2HWU2|PDIA1_MACFU	34.906	106	66	1	1	103	28	133	4.80e-52	173
A3KPF5	sp|Q2HWU2|PDIA1_MACFU	27.358	106	70	4	1	102	371	473	2.20e-35	128
A3KPF5	sp|Q5R5B6|PDIA1_PONAB	34.906	106	66	1	1	103	26	131	5.09e-52	173
A3KPF5	sp|Q5R5B6|PDIA1_PONAB	26.415	106	71	4	1	102	369	471	5.11e-35	127
A3KPF5	sp|P21195|PDIA1_RABIT	34.906	106	66	1	1	103	27	132	5.13e-52	173
A3KPF5	sp|P21195|PDIA1_RABIT	28.302	106	69	4	1	102	370	472	6.44e-36	130
A3KPF5	sp|Q9XI01|PDI11_ARATH	36.449	107	64	2	1	103	32	138	1.47e-51	171
A3KPF5	sp|Q9XI01|PDI11_ARATH	28.571	105	72	3	1	103	376	479	3.60e-34	125
A3KPF5	sp|Q17967|PDI1_CAEEL	43.689	103	58	0	1	103	25	127	5.22e-51	169
A3KPF5	sp|Q17967|PDI1_CAEEL	29.245	106	69	5	1	103	365	467	1.99e-33	123
A3KPF5	sp|P54399|PDI_DROME	40.777	103	61	0	1	103	29	131	5.26e-51	170
A3KPF5	sp|P54399|PDI_DROME	25.000	104	72	4	1	101	369	469	5.33e-34	124
A3KPF5	sp|P09102|PDIA1_CHICK	33.962	106	67	1	1	103	31	136	5.32e-51	170
A3KPF5	sp|P09102|PDIA1_CHICK	28.302	106	69	4	1	102	374	476	6.36e-36	130
A3KPF5	sp|Q9XF61|PDI_DATGL	32.710	107	68	2	1	103	35	141	2.33e-50	168
A3KPF5	sp|Q9XF61|PDI_DATGL	29.524	105	71	3	1	103	379	482	2.08e-34	126
A3KPF5	sp|P34329|PDIA4_CAEEL	32.673	101	68	0	1	101	149	249	2.34e-50	170
A3KPF5	sp|P34329|PDIA4_CAEEL	29.126	103	67	2	1	102	38	135	3.07e-43	151
A3KPF5	sp|P34329|PDIA4_CAEEL	27.103	107	73	3	1	103	501	606	9.15e-38	136
A3KPF5	sp|P29828|PDI_MEDSA	34.579	107	66	2	1	103	35	141	2.91e-50	168
A3KPF5	sp|P29828|PDI_MEDSA	27.619	105	73	3	1	103	379	482	5.29e-34	125
A3KPF5	sp|P80284|PDI_HORVU	34.579	107	66	2	1	103	40	146	3.58e-50	168
A3KPF5	sp|P80284|PDI_HORVU	30.476	105	69	4	1	103	383	485	1.72e-38	137
A3KPF5	sp|P52589|PDI_WHEAT	33.645	107	67	2	1	103	41	147	8.31e-50	167
A3KPF5	sp|P52589|PDI_WHEAT	31.429	105	68	4	1	103	384	486	4.68e-39	138
A3KPF5	sp|Q29RV1|PDIA4_BOVIN	29.000	100	71	0	2	101	179	278	1.18e-49	169
A3KPF5	sp|Q29RV1|PDIA4_BOVIN	31.068	103	71	0	1	103	63	165	1.05e-47	163
A3KPF5	sp|Q29RV1|PDIA4_BOVIN	20.370	108	80	4	1	103	525	631	3.61e-32	121
A3KPF5	sp|Q43116|PDI_RICCO	33.645	107	67	2	1	103	34	140	3.60e-49	165
A3KPF5	sp|Q43116|PDI_RICCO	23.810	105	77	3	1	103	378	481	7.58e-36	129
A3KPF5	sp|Q53LQ0|PDI11_ORYSJ	33.645	107	67	2	1	103	42	148	4.88e-49	165
A3KPF5	sp|Q53LQ0|PDI11_ORYSJ	32.381	105	67	4	1	103	386	488	2.43e-39	139
A3KPF5	sp|Q9SRG3|PDI12_ARATH	35.514	107	65	2	1	103	31	137	1.95e-48	163
A3KPF5	sp|Q9SRG3|PDI12_ARATH	26.667	105	74	3	1	103	374	477	1.59e-33	123
A3KPF5	sp|P52588|PDI_MAIZE	31.776	107	69	2	1	103	36	142	2.23e-48	163
A3KPF5	sp|P52588|PDI_MAIZE	31.429	105	68	4	1	103	380	482	8.33e-39	137
A3KPF5	sp|P09103|PDIA1_MOUSE	34.906	106	66	1	1	103	28	133	8.46e-48	161
A3KPF5	sp|P09103|PDIA1_MOUSE	26.415	106	71	4	1	102	371	473	1.53e-34	126
A3KPF5	sp|Q5R6T1|PDIA6_PONAB	36.275	102	62	3	1	99	162	263	1.31e-47	160
A3KPF5	sp|Q5R6T1|PDIA6_PONAB	32.353	102	63	3	1	99	27	125	6.62e-44	150
A3KPF5	sp|Q15084|PDIA6_HUMAN	36.275	102	62	3	1	99	162	263	1.31e-47	160
A3KPF5	sp|Q15084|PDIA6_HUMAN	32.353	102	63	3	1	99	27	125	6.62e-44	150
A3KPF5	sp|Q942L2|PDI22_ORYSJ	29.245	106	71	3	1	103	155	259	1.59e-47	158
A3KPF5	sp|Q942L2|PDI22_ORYSJ	27.885	104	72	2	1	102	37	139	2.49e-45	152
A3KPF5	sp|P38660|PDIA6_MESAU	36.275	102	62	3	1	99	162	263	2.97e-47	159
A3KPF5	sp|P38660|PDIA6_MESAU	33.333	102	62	3	1	99	27	125	1.36e-44	152
A3KPF5	sp|Q63081|PDIA6_RAT	38.235	102	60	3	1	99	162	263	3.03e-47	159
A3KPF5	sp|Q63081|PDIA6_RAT	30.392	102	65	3	1	99	27	125	3.23e-43	148
A3KPF5	sp|Q922R8|PDIA6_MOUSE	38.235	102	60	3	1	99	162	263	3.13e-47	159
A3KPF5	sp|Q922R8|PDIA6_MOUSE	31.373	102	64	3	1	99	27	125	2.73e-43	148
A3KPF5	sp|O22263|PDI21_ARATH	30.189	106	70	3	1	103	143	247	4.75e-47	156
A3KPF5	sp|O22263|PDI21_ARATH	28.431	102	70	2	4	103	28	128	2.88e-46	154
A3KPF5	sp|Q9FF55|PDI14_ARATH	44.660	103	55	1	1	103	105	205	7.48e-47	160
A3KPF5	sp|Q9FF55|PDI14_ARATH	26.852	108	71	4	1	103	443	547	3.75e-26	103
A3KPF5	sp|Q9V438|PDIA6_DROME	31.132	106	64	3	1	100	158	260	1.08e-46	157
A3KPF5	sp|Q9V438|PDIA6_DROME	28.125	96	63	3	1	93	27	119	3.93e-37	132
A3KPF5	sp|P04785|PDIA1_RAT	34.906	106	66	1	1	103	28	133	1.27e-46	158
A3KPF5	sp|P04785|PDIA1_RAT	26.415	106	71	4	1	102	371	473	6.08e-35	127
A3KPF5	sp|Q8R4U2|PDIA1_CRIGR	34.906	106	66	1	1	103	28	133	1.32e-46	158
A3KPF5	sp|Q8R4U2|PDIA1_CRIGR	26.415	106	71	4	1	102	371	473	2.60e-34	126
A3KPF5	sp|Q0E0I1|PDI53_ORYSJ	34.951	103	67	0	1	103	48	150	1.51e-46	157
A3KPF5	sp|P38657|PDIA3_BOVIN	33.645	107	64	3	1	103	27	130	1.57e-46	158
A3KPF5	sp|P38657|PDIA3_BOVIN	23.364	107	76	4	1	103	378	482	5.77e-43	149
A3KPF5	sp|Q4VIT4|PDIA3_CHLAE	31.776	107	66	3	1	103	27	130	1.95e-46	158
A3KPF5	sp|Q4VIT4|PDIA3_CHLAE	24.299	107	75	4	1	103	378	482	8.85e-43	148
A3KPF5	sp|Q5RDG4|PDIA3_PONAB	32.710	107	65	3	1	103	27	130	2.08e-46	158
A3KPF5	sp|Q5RDG4|PDIA3_PONAB	24.299	107	75	4	1	103	378	482	7.03e-43	148
A3KPF5	sp|P30101|PDIA3_HUMAN	32.710	107	65	3	1	103	27	130	2.08e-46	158
A3KPF5	sp|P30101|PDIA3_HUMAN	24.299	107	75	4	1	103	378	482	7.03e-43	148
A3KPF5	sp|Q75M08|PDI21_ORYSJ	30.189	106	70	3	1	103	150	254	2.28e-46	155
A3KPF5	sp|Q75M08|PDI21_ORYSJ	28.846	104	71	2	1	102	32	134	3.21e-46	154
A3KPF5	sp|P11598|PDIA3_RAT	30.841	107	67	3	1	103	27	130	4.76e-46	157
A3KPF5	sp|P11598|PDIA3_RAT	25.234	107	74	4	1	103	378	482	3.95e-41	144
A3KPF5	sp|P27773|PDIA3_MOUSE	30.841	107	67	3	1	103	27	130	5.81e-46	157
A3KPF5	sp|P27773|PDIA3_MOUSE	25.234	107	74	4	1	103	378	482	6.08e-42	146
A3KPF5	sp|Q7XRB5|PDI12_ORYSJ	28.037	107	73	2	1	103	34	140	1.05e-45	156
A3KPF5	sp|Q7XRB5|PDI12_ORYSJ	24.762	105	75	4	1	103	379	481	5.88e-32	119
A3KPF5	sp|P38661|PDIA6_MEDSA	32.075	106	68	3	1	103	149	253	1.62e-45	153
A3KPF5	sp|P38661|PDIA6_MEDSA	26.733	101	71	2	4	102	34	133	1.16e-44	150
A3KPF5	sp|P38658|ERP60_SCHMA	33.333	102	67	1	1	101	19	120	3.88e-45	154
A3KPF5	sp|P38658|ERP60_SCHMA	26.168	107	73	4	1	103	360	464	2.09e-39	139
A3KPF5	sp|Q0JD42|PDI52_ORYSJ	33.010	103	69	0	1	103	44	146	1.72e-44	151
A3KPF5	sp|Q13087|PDIA2_HUMAN	30.189	106	71	1	1	103	44	149	2.68e-44	153
A3KPF5	sp|Q13087|PDIA2_HUMAN	24.762	105	72	4	1	101	390	491	1.74e-31	118
A3KPF5	sp|D4B2L8|PDI_ARTBC	30.769	104	69	2	1	103	32	133	7.94e-44	151
A3KPF5	sp|D4B2L8|PDI_ARTBC	27.523	109	69	5	1	102	366	471	1.63e-34	126
A3KPF5	sp|Q86IA3|PDI1_DICDI	31.429	105	69	2	1	102	24	128	9.36e-44	148
A3KPF5	sp|Q86IA3|PDI1_DICDI	28.704	108	71	4	1	103	144	250	5.33e-41	141
A3KPF5	sp|Q8JG64|PDIA3_CHICK	33.333	105	65	3	1	103	27	128	1.22e-43	151
A3KPF5	sp|Q8JG64|PDIA3_CHICK	23.364	107	76	4	1	103	376	480	7.33e-43	148
A3KPF5	sp|P55059|PDI_HUMIN	30.769	104	69	2	1	103	23	124	1.23e-43	151
A3KPF5	sp|P55059|PDI_HUMIN	25.688	109	72	5	1	103	357	462	2.95e-34	125
A3KPF5	sp|P17967|PDI_YEAST	31.132	106	68	2	1	103	34	137	1.25e-43	151
A3KPF5	sp|P17967|PDI_YEAST	28.037	107	71	3	1	103	378	482	6.01e-30	114
A3KPF5	sp|Q00248|PDI_ASPOR	28.846	104	71	2	1	103	31	132	1.42e-43	151
A3KPF5	sp|Q00248|PDI_ASPOR	30.841	107	66	4	1	103	365	467	4.78e-35	127
A3KPF5	sp|Q12730|PDI_ASPNG	28.846	104	71	2	1	103	27	128	1.67e-43	150
A3KPF5	sp|Q12730|PDI_ASPNG	29.630	108	67	4	2	103	363	467	4.08e-33	122
A3KPF5	sp|Q5RCH2|PDIA2_PONAB	30.189	106	71	1	1	103	44	149	1.85e-43	150
A3KPF5	sp|Q5RCH2|PDIA2_PONAB	24.762	105	72	4	1	101	390	491	2.00e-30	115
A3KPF5	sp|Q94F09|PDI52_ARATH	33.981	103	68	0	1	103	34	136	3.09e-43	148
A3KPF5	sp|Q00216|TIGA_ASPNG	24.528	106	77	2	1	103	21	126	3.10e-43	146
A3KPF5	sp|Q00216|TIGA_ASPNG	28.037	107	72	3	1	103	142	247	3.73e-37	131
A3KPF5	sp|Q69ST6|PID13_ORYSJ	29.907	107	71	2	1	103	80	186	6.39e-43	149
A3KPF5	sp|Q69ST6|PID13_ORYSJ	29.524	105	69	5	1	103	425	526	6.89e-34	125
A3KPF5	sp|Q54EN4|PDI2_DICDI	28.155	103	73	1	1	103	43	144	1.06e-42	148
A3KPF5	sp|Q54EN4|PDI2_DICDI	30.841	107	67	5	1	102	378	482	2.43e-32	120
A3KPF5	sp|Q8VX13|PDI13_ARATH	40.385	104	58	2	1	103	101	201	1.48e-42	149
A3KPF5	sp|Q8VX13|PDI13_ARATH	24.074	108	74	4	1	103	439	543	3.30e-27	106
A3KPF5	sp|Q869Z0|Y5025_DICDI	26.852	108	68	3	1	100	29	133	2.16e-42	145
A3KPF5	sp|Q96JJ7|TMX3_HUMAN	31.633	98	66	1	6	103	32	128	5.73e-42	145
A3KPF5	sp|Q11067|PDIA6_CAEEL	29.524	105	66	3	1	100	166	267	8.06e-42	144
A3KPF5	sp|Q11067|PDIA6_CAEEL	29.412	102	66	3	1	99	26	124	1.57e-39	139
A3KPF5	sp|Q92249|ERP38_NEUCR	27.184	103	72	2	4	103	25	127	9.02e-42	143
A3KPF5	sp|Q92249|ERP38_NEUCR	32.710	107	67	3	1	103	143	248	1.03e-39	137
A3KPF5	sp|Q8BXZ1|TMX3_MOUSE	33.010	103	67	2	1	103	31	131	1.12e-41	144
A3KPF5	sp|O48773|PDI23_ARATH	32.381	105	66	3	1	103	32	133	1.79e-41	144
A3KPF5	sp|O48773|PDI23_ARATH	31.373	102	64	3	2	100	165	263	8.24e-38	134
A3KPF5	sp|Q9MAU6|PDI22_ARATH	31.429	105	67	3	1	103	34	135	1.83e-41	144
A3KPF5	sp|Q9MAU6|PDI22_ARATH	28.431	102	67	3	2	100	170	268	2.17e-39	138
A3KPF5	sp|Q91W90|TXND5_MOUSE	28.846	104	72	2	1	103	309	411	4.40e-41	142
A3KPF5	sp|Q91W90|TXND5_MOUSE	27.451	102	71	3	2	102	178	277	4.16e-35	126
A3KPF5	sp|Q91W90|TXND5_MOUSE	25.253	99	71	3	5	101	53	150	6.44e-34	123
A3KPF5	sp|Q6GNG3|TMX3_XENLA	32.653	98	65	1	6	103	32	128	5.54e-41	142
A3KPF5	sp|Q5R875|TMX3_PONAB	30.612	98	67	1	6	103	32	128	6.91e-41	142
A3KPF5	sp|Q67UF5|PDI23_ORYSJ	33.333	102	63	3	1	100	31	129	1.30e-40	141
A3KPF5	sp|Q67UF5|PDI23_ORYSJ	27.451	102	68	3	2	100	168	266	1.24e-38	136
A3KPF5	sp|Q921X9|PDIA5_MOUSE	27.184	103	74	1	1	102	276	378	1.94e-40	142
A3KPF5	sp|Q921X9|PDIA5_MOUSE	23.810	105	76	3	1	102	397	500	5.39e-26	103
A3KPF5	sp|Q5I0H9|PDIA5_RAT	27.184	103	74	1	1	102	276	378	1.98e-40	142
A3KPF5	sp|Q5I0H9|PDIA5_RAT	22.857	105	77	3	1	102	397	500	3.28e-26	103
A3KPF5	sp|Q8NBS9|TXND5_HUMAN	27.451	102	72	2	1	101	324	424	2.38e-40	141
A3KPF5	sp|Q8NBS9|TXND5_HUMAN	25.490	102	73	3	2	102	192	291	7.57e-35	126
A3KPF5	sp|Q8NBS9|TXND5_HUMAN	25.253	99	71	3	5	101	67	164	1.00e-33	123
A3KPF5	sp|Q10057|PDI1_SCHPO	29.808	104	70	2	1	103	24	125	7.02e-40	140
A3KPF5	sp|Q10057|PDI1_SCHPO	29.245	106	67	4	2	103	358	459	2.85e-39	139
A3KPF5	sp|Q14554|PDIA5_HUMAN	28.155	103	73	1	1	102	278	380	1.45e-39	140
A3KPF5	sp|Q14554|PDIA5_HUMAN	23.810	105	76	3	1	102	399	502	8.35e-27	105
A3KPF5	sp|D3Z6P0|PDIA2_MOUSE	33.962	106	67	1	1	103	47	152	1.81e-39	140
A3KPF5	sp|D3Z6P0|PDIA2_MOUSE	23.810	105	73	4	1	101	393	494	7.19e-32	119
A3KPF5	sp|Q2KIL5|PDIA5_BOVIN	26.214	103	75	1	1	102	280	382	2.87e-39	139
A3KPF5	sp|Q2KIL5|PDIA5_BOVIN	23.810	105	76	3	1	102	401	504	8.60e-23	94.1
A3KPF5	sp|A3KPF5|PDI15_ARATH	100.000	103	0	0	1	103	79	181	6.53e-39	138
A3KPF5	sp|Q67IX6|PDI14_ORYSJ	36.893	103	65	0	1	103	75	177	1.25e-38	138
A3KPF5	sp|Q67IX6|PDI14_ORYSJ	25.000	108	73	4	1	103	416	520	4.80e-27	106
A3KPF5	sp|Q66GQ3|PDI16_ARATH	86.408	103	14	0	1	103	77	179	1.96e-38	137
A3KPF5	sp|P12865|BS2_TRYBB	26.471	102	71	2	2	102	22	120	2.55e-37	134
A3KPF5	sp|P12865|BS2_TRYBB	20.588	102	78	2	3	103	353	452	1.91e-24	98.7
A3KPF5	sp|Q9VYV3|TXND5_DROME	25.962	104	74	2	2	103	40	142	9.08e-36	128
A3KPF5	sp|Q9VYV3|TXND5_DROME	27.723	101	69	3	6	103	310	409	1.05e-33	122
A3KPF5	sp|Q9VYV3|TXND5_DROME	27.885	104	72	3	1	103	168	269	4.02e-33	121
A3KPF5	sp|O13811|PDI2_SCHPO	27.103	107	73	3	1	103	142	247	1.14e-35	127
A3KPF5	sp|O13811|PDI2_SCHPO	28.037	107	72	4	1	103	22	127	9.36e-32	116
A3KPF5	sp|Q50KB1|SEP2_EMIHU	20.388	103	77	4	2	100	20	121	4.18e-35	122
A3KPF5	sp|Q4N4N8|TXND_THEPA	28.571	105	66	3	2	100	33	134	9.07e-33	116
A3KPF5	sp|O13704|YEU5_SCHPO	26.415	106	71	2	2	101	34	138	5.48e-31	114
A3KPF5	sp|Q9T042|PDI54_ARATH	24.348	115	72	2	2	101	144	258	7.77e-30	113
A3KPF5	sp|P32474|EUG1_YEAST	31.429	105	67	2	2	103	36	138	7.97e-30	113
A3KPF5	sp|Q3T0L2|ERP44_BOVIN	29.630	108	71	2	1	103	31	138	8.01e-30	112
A3KPF5	sp|Q9BS26|ERP44_HUMAN	29.630	108	71	2	1	103	31	138	3.14e-29	111
A3KPF5	sp|Q12404|MPD1_YEAST	22.689	119	68	5	3	100	33	148	3.45e-29	109
A3KPF5	sp|Q9D1Q6|ERP44_MOUSE	30.476	105	68	2	4	103	34	138	3.52e-29	111
A3KPF5	sp|Q9H3N1|TMX1_HUMAN	21.782	101	75	2	1	101	31	127	5.26e-28	105
A3KPF5	sp|Q0Z7W6|TMX1_BOVIN	21.782	101	75	2	1	101	31	127	3.23e-27	103
A3KPF5	sp|Q8VBT0|TMX1_MOUSE	22.772	101	74	2	1	101	31	127	5.67e-27	102
A3KPF5	sp|Q69SA9|PDI54_ORYSJ	20.690	116	77	2	2	102	144	259	6.64e-27	105
A3KPF5	sp|Q4UNK3|THIO_RICFE	26.471	102	70	3	4	103	5	103	4.75e-26	96.0
A3KPF5	sp|Q9RD25|THIO2_STRCO	25.000	80	56	1	2	81	5	80	9.93e-26	96.0
A3KPF5	sp|Q10N04|PDI51_ORYSJ	18.447	103	81	3	1	101	31	132	2.13e-25	95.6
A3KPF5	sp|Q8GYD1|PDI51_ARATH	21.359	103	78	3	1	101	27	128	3.07e-25	94.8
A3KPF5	sp|P80579|THIO_ALIAC	27.907	86	59	1	2	87	3	85	3.96e-25	93.7
A3KPF5	sp|Q9ZEE0|THIO_RICPR	26.667	105	72	3	1	103	2	103	6.68e-25	92.9
A3KPF5	sp|Q9PJK3|THIO_CHLMU	25.000	104	72	3	1	103	2	100	8.44e-25	92.5
A3KPF5	sp|Q5WA72|PDI15_ORYSJ	56.311	103	45	0	1	103	70	172	1.09e-24	99.5
A3KPF5	sp|Q9Z7P5|THIO_CHLPN	26.923	104	70	3	1	103	2	100	1.44e-24	92.2
A3KPF5	sp|P0AGG7|THIO2_SHIFL	21.154	104	78	2	1	103	37	137	1.69e-24	92.9
A3KPF5	sp|P0AGG4|THIO2_ECOLI	21.154	104	78	2	1	103	37	137	1.69e-24	92.9
A3KPF5	sp|P0AGG5|THIO2_ECOL6	21.154	104	78	2	1	103	37	137	1.69e-24	92.9
A3KPF5	sp|P0AGG6|THIO2_ECO57	21.154	104	78	2	1	103	37	137	1.69e-24	92.9
A3KPF5	sp|P0AA30|THIO_SHIFL	27.907	86	58	2	1	85	5	87	2.15e-24	91.8
A3KPF5	sp|P0AA28|THIO_SALTY	27.907	86	58	2	1	85	5	87	2.15e-24	91.8
A3KPF5	sp|P0AA29|THIO_SALTI	27.907	86	58	2	1	85	5	87	2.15e-24	91.8
A3KPF5	sp|P0AA25|THIO_ECOLI	27.907	86	58	2	1	85	5	87	2.15e-24	91.8
A3KPF5	sp|P0AA26|THIO_ECOL6	27.907	86	58	2	1	85	5	87	2.15e-24	91.8
A3KPF5	sp|P0AA27|THIO_ECO57	27.907	86	58	2	1	85	5	87	2.15e-24	91.8
A3KPF5	sp|P52227|THIO_CHLCV	22.115	104	75	3	1	103	2	100	2.28e-24	91.4
A3KPF5	sp|Q9LJU2|PDI53_ARATH	21.930	114	74	2	4	102	146	259	2.50e-24	98.3
A3KPF5	sp|O84544|THIO_CHLTR	22.115	104	75	3	1	103	2	100	2.78e-24	91.4
A3KPF5	sp|P66928|THIO_HELPY	23.256	86	62	2	2	87	5	86	3.24e-24	91.4
A3KPF5	sp|P66929|THIO_HELPJ	23.256	86	62	2	2	87	5	86	3.24e-24	91.4
A3KPF5	sp|P0A4L2|THIO1_NOSSO	23.256	86	62	2	3	87	6	88	4.01e-24	91.0
A3KPF5	sp|P0A4L1|THIO1_NOSS1	23.256	86	62	2	3	87	6	88	4.01e-24	91.0
A3KPF5	sp|P43785|THIO_HAEIN	20.952	105	78	3	1	103	4	105	4.23e-24	91.0
A3KPF5	sp|Q92JR5|THIO_RICCN	25.000	100	70	3	6	103	7	103	4.47e-24	91.0
A3KPF5	sp|Q6NRT6|DJC10_XENLA	23.364	107	72	4	4	103	676	779	4.73e-24	97.9
A3KPF5	sp|Q6NRT6|DJC10_XENLA	19.802	101	77	2	1	100	132	229	4.55e-23	95.2
A3KPF5	sp|P00275|THIO1_CORNE	23.301	103	74	3	2	102	3	102	5.09e-24	90.6
A3KPF5	sp|P12243|THIO1_SYNE7	24.706	85	60	2	4	87	7	88	6.92e-24	90.6
A3KPF5	sp|Q68Y00|THIO_RICTY	24.762	105	74	3	1	103	2	103	1.29e-23	89.8
A3KPF5	sp|Q00002|PDI_ALTAL	28.571	77	49	4	1	74	238	311	2.03e-23	95.6
A3KPF5	sp|P37395|THIO_CYACA	27.586	87	59	2	2	87	5	88	2.20e-23	89.1
A3KPF5	sp|Q498R3|DJC10_RAT	23.529	102	73	2	1	102	455	551	2.88e-23	95.6
A3KPF5	sp|Q498R3|DJC10_RAT	21.782	101	75	2	1	100	131	228	7.99e-23	94.5
A3KPF5	sp|Q9DC23|DJC10_MOUSE	23.529	102	73	2	1	102	455	551	4.25e-23	95.2
A3KPF5	sp|Q9DC23|DJC10_MOUSE	21.782	101	75	2	1	100	131	228	1.36e-22	93.7
A3KPF5	sp|Q8JGM4|QSOX1_CHICK	23.256	86	64	1	11	94	63	148	4.44e-23	95.2
A3KPF5	sp|P50254|THIO_PYRYE	28.571	105	70	3	1	103	3	104	5.94e-23	87.9
A3KPF5	sp|Q1RKN1|THIO_RICBR	23.762	101	72	3	4	102	5	102	1.23e-22	87.1
A3KPF5	sp|Q9CM49|THIO_PASMU	22.857	105	76	3	1	103	3	104	1.31e-22	87.1
A3KPF5	sp|Q95108|THIOM_BOVIN	27.368	95	65	2	10	103	72	163	1.33e-22	88.7
A3KPF5	sp|Q5R5L3|DJC10_PONAB	19.802	101	77	2	1	100	131	228	2.69e-22	92.9
A3KPF5	sp|Q8IXB1|DJC10_HUMAN	19.802	101	77	2	1	100	131	228	2.69e-22	92.9
A3KPF5	sp|P52232|THIO1_SYNY3	28.049	82	55	2	7	87	8	86	4.01e-22	86.0
A3KPF5	sp|P33791|THIO_KITAU	24.706	85	60	2	2	85	4	85	9.04e-22	84.8
A3KPF5	sp|P52233|THIO_ACIFR	24.272	103	73	3	1	101	5	104	1.49e-21	84.4
A3KPF5	sp|Q49WR2|THIO_STAS1	20.192	104	78	3	1	103	3	102	3.31e-21	83.7
A3KPF5	sp|Q4L5F0|THIO_STAHJ	20.690	87	65	2	1	87	3	85	3.73e-21	83.3
A3KPF5	sp|P09857|THIO_ALLVI	21.359	103	76	3	1	101	4	103	8.87e-21	82.5
A3KPF5	sp|Q17770|PDI2_CAEEL	43.689	103	58	0	1	103	25	127	1.14e-49	166
A3KPF5	sp|Q17770|PDI2_CAEEL	25.714	105	72	4	1	102	365	466	6.82e-29	110
A3KPF5	sp|P13667|PDIA4_HUMAN	28.431	102	73	0	2	103	180	281	7.16e-48	164
A3KPF5	sp|P13667|PDIA4_HUMAN	30.097	103	72	0	1	103	64	166	8.24e-41	144
A3KPF5	sp|P13667|PDIA4_HUMAN	22.222	108	78	4	1	103	527	633	3.51e-26	104
A3KPF5	sp|P38659|PDIA4_RAT	29.000	100	71	0	2	101	178	277	7.94e-48	164
A3KPF5	sp|P38659|PDIA4_RAT	29.126	103	73	0	1	103	62	164	1.49e-40	144
A3KPF5	sp|P38659|PDIA4_RAT	21.296	108	79	4	1	103	525	631	2.08e-24	99.0
A3KPF5	sp|P08003|PDIA4_MOUSE	29.412	102	72	0	2	103	173	274	9.08e-48	163
A3KPF5	sp|P08003|PDIA4_MOUSE	29.126	103	73	0	1	103	57	159	6.48e-40	142
A3KPF5	sp|P08003|PDIA4_MOUSE	21.296	108	79	4	1	103	520	626	2.16e-24	99.0
A3KPF5	sp|Q17967|PDI1_CAEEL	43.689	103	58	0	1	103	25	127	1.48e-46	158
A3KPF5	sp|Q17967|PDI1_CAEEL	29.245	106	69	5	1	103	365	467	1.66e-29	112
A3KPF5	sp|P34329|PDIA4_CAEEL	32.673	101	68	0	1	101	149	249	8.06e-46	158
A3KPF5	sp|P34329|PDIA4_CAEEL	29.126	103	67	2	1	102	38	135	1.60e-38	138
A3KPF5	sp|P34329|PDIA4_CAEEL	26.168	107	74	3	1	103	501	606	9.28e-29	111
A3KPF5	sp|P05307|PDIA1_BOVIN	34.906	106	66	1	1	103	28	133	1.51e-45	156
A3KPF5	sp|P05307|PDIA1_BOVIN	26.415	106	71	4	1	102	371	473	1.13e-28	110
A3KPF5	sp|P21195|PDIA1_RABIT	34.906	106	66	1	1	103	27	132	1.87e-45	155
A3KPF5	sp|P21195|PDIA1_RABIT	28.302	106	69	4	1	102	370	472	3.78e-30	114
A3KPF5	sp|P54399|PDI_DROME	40.777	103	61	0	1	103	29	131	2.02e-45	155
A3KPF5	sp|P54399|PDI_DROME	25.000	104	72	4	1	101	369	469	3.64e-27	106
A3KPF5	sp|Q2HWU2|PDIA1_MACFU	34.906	106	66	1	1	103	28	133	2.74e-45	155
A3KPF5	sp|Q2HWU2|PDIA1_MACFU	27.358	106	70	4	1	102	371	473	4.68e-29	111
A3KPF5	sp|P07237|PDIA1_HUMAN	34.906	106	66	1	1	103	26	131	2.83e-45	155
A3KPF5	sp|P07237|PDIA1_HUMAN	26.415	106	71	4	1	102	369	471	5.89e-29	111
A3KPF5	sp|Q5R5B6|PDIA1_PONAB	34.906	106	66	1	1	103	26	131	2.98e-45	155
A3KPF5	sp|Q5R5B6|PDIA1_PONAB	26.415	106	71	4	1	102	369	471	6.13e-29	111
A3KPF5	sp|P80284|PDI_HORVU	34.579	107	66	2	1	103	40	146	4.25e-45	154
A3KPF5	sp|P80284|PDI_HORVU	30.476	105	69	4	1	103	383	485	7.55e-33	122
A3KPF5	sp|Q9XI01|PDI11_ARATH	36.449	107	64	2	1	103	32	138	4.73e-45	154
A3KPF5	sp|Q9XI01|PDI11_ARATH	29.245	106	70	4	1	103	376	479	5.82e-29	111
A3KPF5	sp|Q29RV1|PDIA4_BOVIN	29.000	100	71	0	2	101	179	278	6.03e-45	156
A3KPF5	sp|Q29RV1|PDIA4_BOVIN	31.068	103	71	0	1	103	63	165	1.09e-41	147
A3KPF5	sp|Q29RV1|PDIA4_BOVIN	19.444	108	81	3	1	103	525	631	2.77e-25	101
A3KPF5	sp|P29828|PDI_MEDSA	34.579	107	66	2	1	103	35	141	8.90e-45	154
A3KPF5	sp|P29828|PDI_MEDSA	28.302	106	71	4	1	103	379	482	3.54e-29	112
A3KPF5	sp|P52589|PDI_WHEAT	33.645	107	67	2	1	103	41	147	1.03e-44	154
A3KPF5	sp|P52589|PDI_WHEAT	31.429	105	68	4	1	103	384	486	4.00e-33	122
A3KPF5	sp|P09102|PDIA1_CHICK	33.962	106	67	1	1	103	31	136	2.58e-44	152
A3KPF5	sp|P09102|PDIA1_CHICK	28.302	106	69	4	1	102	374	476	4.76e-30	114
A3KPF5	sp|Q9XF61|PDI_DATGL	32.710	107	68	2	1	103	35	141	2.61e-44	152
A3KPF5	sp|Q9XF61|PDI_DATGL	30.189	106	69	4	1	103	379	482	7.64e-30	113
A3KPF5	sp|Q43116|PDI_RICCO	33.645	107	67	2	1	103	34	140	3.55e-44	152
A3KPF5	sp|Q43116|PDI_RICCO	24.528	106	75	4	1	103	378	481	1.09e-30	115
A3KPF5	sp|P38657|PDIA3_BOVIN	32.710	107	65	3	1	103	27	130	4.96e-44	151
A3KPF5	sp|P38657|PDIA3_BOVIN	23.364	107	76	4	1	103	378	482	1.23e-31	118
A3KPF5	sp|Q0E0I1|PDI53_ORYSJ	34.951	103	67	0	1	103	48	150	5.98e-44	150
A3KPF5	sp|Q53LQ0|PDI11_ORYSJ	33.645	107	67	2	1	103	42	148	6.96e-44	151
A3KPF5	sp|Q53LQ0|PDI11_ORYSJ	32.381	105	67	4	1	103	386	488	1.01e-32	121
A3KPF5	sp|Q5RDG4|PDIA3_PONAB	32.710	107	65	3	1	103	27	130	8.01e-44	151
A3KPF5	sp|Q5RDG4|PDIA3_PONAB	24.299	107	75	4	1	103	378	482	3.20e-31	117
A3KPF5	sp|P30101|PDIA3_HUMAN	32.710	107	65	3	1	103	27	130	8.01e-44	151
A3KPF5	sp|P30101|PDIA3_HUMAN	24.299	107	75	4	1	103	378	482	3.20e-31	117
A3KPF5	sp|Q4VIT4|PDIA3_CHLAE	31.776	107	66	3	1	103	27	130	9.77e-44	151
A3KPF5	sp|Q4VIT4|PDIA3_CHLAE	24.299	107	75	4	1	103	378	482	3.88e-31	117
A3KPF5	sp|P11598|PDIA3_RAT	30.841	107	67	3	1	103	27	130	1.56e-43	150
A3KPF5	sp|P11598|PDIA3_RAT	25.234	107	74	4	1	103	378	482	7.54e-30	113
A3KPF5	sp|P52588|PDI_MAIZE	31.776	107	69	2	1	103	36	142	1.69e-43	150
A3KPF5	sp|P52588|PDI_MAIZE	31.429	105	68	4	1	103	380	482	5.94e-32	119
A3KPF5	sp|P27773|PDIA3_MOUSE	30.841	107	67	3	1	103	27	130	2.05e-43	150
A3KPF5	sp|P27773|PDIA3_MOUSE	25.234	107	74	4	1	103	378	482	2.17e-30	115
A3KPF5	sp|Q5R6T1|PDIA6_PONAB	36.275	102	62	3	1	99	162	263	6.07e-43	147
A3KPF5	sp|Q5R6T1|PDIA6_PONAB	32.353	102	63	3	1	99	27	125	8.12e-39	137
A3KPF5	sp|Q15084|PDIA6_HUMAN	36.275	102	62	3	1	99	162	263	6.20e-43	147
A3KPF5	sp|Q15084|PDIA6_HUMAN	32.353	102	63	3	1	99	27	125	8.38e-39	137
A3KPF5	sp|P38658|ERP60_SCHMA	33.333	102	67	1	1	101	19	120	8.40e-43	148
A3KPF5	sp|P38658|ERP60_SCHMA	26.168	107	73	4	1	103	360	464	3.64e-29	111
A3KPF5	sp|Q9SRG3|PDI12_ARATH	35.514	107	65	2	1	103	31	137	1.46e-42	147
A3KPF5	sp|Q9SRG3|PDI12_ARATH	27.358	106	72	4	1	103	374	477	5.22e-29	111
A3KPF5	sp|Q0JD42|PDI52_ORYSJ	33.010	103	69	0	1	103	44	146	1.50e-42	146
A3KPF5	sp|P38660|PDIA6_MESAU	36.275	102	62	3	1	99	162	263	1.75e-42	146
A3KPF5	sp|P38660|PDIA6_MESAU	33.333	102	62	3	1	99	27	125	1.60e-39	139
A3KPF5	sp|Q00216|TIGA_ASPNG	24.528	106	77	2	1	103	21	126	2.26e-42	144
A3KPF5	sp|Q00216|TIGA_ASPNG	28.037	107	72	3	1	103	142	247	8.35e-34	122
A3KPF5	sp|Q9FF55|PDI14_ARATH	44.660	103	55	1	1	103	105	205	2.53e-42	148
A3KPF5	sp|Q9FF55|PDI14_ARATH	27.778	108	70	4	1	103	443	547	4.65e-21	89.4
A3KPF5	sp|Q942L2|PDI22_ORYSJ	29.245	106	71	3	1	103	155	259	2.55e-42	144
A3KPF5	sp|Q942L2|PDI22_ORYSJ	27.885	104	72	2	1	102	37	139	1.34e-40	140
A3KPF5	sp|Q75M08|PDI21_ORYSJ	30.189	106	70	3	1	103	150	254	4.37e-42	144
A3KPF5	sp|Q75M08|PDI21_ORYSJ	28.846	104	71	2	1	102	32	134	3.39e-41	141
A3KPF5	sp|Q922R8|PDIA6_MOUSE	38.235	102	60	3	1	99	162	263	4.60e-42	145
A3KPF5	sp|Q922R8|PDIA6_MOUSE	31.373	102	64	3	1	99	27	125	4.11e-39	137
A3KPF5	sp|Q63081|PDIA6_RAT	38.235	102	60	3	1	99	162	263	4.65e-42	145
A3KPF5	sp|Q63081|PDIA6_RAT	30.392	102	65	3	1	99	27	125	6.94e-39	137
A3KPF5	sp|P09103|PDIA1_MOUSE	34.906	106	66	1	1	103	28	133	9.41e-42	146
A3KPF5	sp|P09103|PDIA1_MOUSE	26.415	106	71	4	1	102	371	473	1.41e-28	110
A3KPF5	sp|O22263|PDI21_ARATH	30.189	106	70	3	1	103	143	247	9.56e-42	142
A3KPF5	sp|O22263|PDI21_ARATH	28.431	102	70	2	4	103	28	128	1.47e-41	142
A3KPF5	sp|Q86IA3|PDI1_DICDI	31.429	105	69	2	1	102	24	128	1.04e-41	142
A3KPF5	sp|Q86IA3|PDI1_DICDI	29.091	110	68	5	1	103	144	250	4.35e-35	125
A3KPF5	sp|Q8JG64|PDIA3_CHICK	32.381	105	66	3	1	103	27	128	2.14e-41	144
A3KPF5	sp|Q8JG64|PDIA3_CHICK	23.364	107	76	4	1	103	376	480	1.01e-31	119
A3KPF5	sp|Q7XRB5|PDI12_ORYSJ	28.037	107	73	2	1	103	34	140	3.40e-41	144
A3KPF5	sp|Q7XRB5|PDI12_ORYSJ	24.762	105	75	4	1	103	379	481	6.02e-27	105
A3KPF5	sp|Q94F09|PDI52_ARATH	33.981	103	68	0	1	103	34	136	4.57e-41	142
A3KPF5	sp|P04785|PDIA1_RAT	34.906	106	66	1	1	103	28	133	5.45e-41	144
A3KPF5	sp|P04785|PDIA1_RAT	26.415	106	71	4	1	102	371	473	7.39e-29	110
A3KPF5	sp|Q9V438|PDIA6_DROME	31.132	106	64	3	1	100	158	260	5.83e-41	142
A3KPF5	sp|Q9V438|PDIA6_DROME	28.125	96	63	3	1	93	27	119	1.02e-32	120
A3KPF5	sp|Q8R4U2|PDIA1_CRIGR	34.906	106	66	1	1	103	28	133	7.28e-41	143
A3KPF5	sp|Q8R4U2|PDIA1_CRIGR	26.415	106	71	4	1	102	371	473	1.44e-28	110
A3KPF5	sp|Q92249|ERP38_NEUCR	27.184	103	72	2	4	103	25	127	8.09e-41	141
A3KPF5	sp|Q92249|ERP38_NEUCR	32.710	107	67	3	1	103	143	248	6.10e-35	125
A3KPF5	sp|P38661|PDIA6_MEDSA	32.075	106	68	3	1	103	149	253	1.32e-40	140
A3KPF5	sp|P38661|PDIA6_MEDSA	26.733	101	71	2	4	102	34	133	4.78e-40	138
A3KPF5	sp|P55059|PDI_HUMIN	30.769	104	69	2	1	103	23	124	1.89e-40	142
A3KPF5	sp|P55059|PDI_HUMIN	25.688	109	72	5	1	103	357	462	7.15e-28	108
A3KPF5	sp|Q13087|PDIA2_HUMAN	30.189	106	71	1	1	103	44	149	1.91e-40	142
A3KPF5	sp|Q13087|PDIA2_HUMAN	25.714	105	71	4	1	101	390	491	8.15e-27	105
A3KPF5	sp|Q54EN4|PDI2_DICDI	28.155	103	73	1	1	103	43	144	2.18e-40	142
A3KPF5	sp|Q54EN4|PDI2_DICDI	30.841	107	67	5	1	102	378	482	1.89e-27	107
A3KPF5	sp|Q12730|PDI_ASPNG	28.846	104	71	2	1	103	27	128	2.53e-40	142
A3KPF5	sp|Q12730|PDI_ASPNG	30.000	110	67	5	1	103	361	467	1.40e-27	107
A3KPF5	sp|D4B2L8|PDI_ARTBC	30.769	104	69	2	1	103	32	133	2.79e-40	142
A3KPF5	sp|D4B2L8|PDI_ARTBC	27.523	109	69	5	1	102	366	471	8.49e-29	110
A3KPF5	sp|Q96JJ7|TMX3_HUMAN	31.633	98	66	1	6	103	32	128	4.15e-40	140
A3KPF5	sp|Q91W90|TXND5_MOUSE	28.846	104	72	2	1	103	309	411	4.63e-40	139
A3KPF5	sp|Q91W90|TXND5_MOUSE	27.723	101	70	3	3	102	179	277	2.02e-34	125
A3KPF5	sp|Q91W90|TXND5_MOUSE	25.253	99	71	3	5	101	53	150	1.11e-31	117
A3KPF5	sp|Q5RCH2|PDIA2_PONAB	30.189	106	71	1	1	103	44	149	4.98e-40	141
A3KPF5	sp|Q5RCH2|PDIA2_PONAB	25.714	105	71	4	1	101	390	491	7.71e-26	102
A3KPF5	sp|Q00248|PDI_ASPOR	28.846	104	71	2	1	103	31	132	5.23e-40	141
A3KPF5	sp|Q00248|PDI_ASPOR	30.841	107	66	5	1	103	365	467	1.59e-29	112
A3KPF5	sp|Q8BXZ1|TMX3_MOUSE	31.633	98	66	1	6	103	35	131	5.97e-40	140
A3KPF5	sp|Q869Z0|Y5025_DICDI	27.778	108	67	3	1	100	29	133	6.77e-40	139
A3KPF5	sp|Q4UNK3|THIO_RICFE	26.471	102	70	3	4	103	5	103	1.19e-39	130
A3KPF5	sp|Q8NBS9|TXND5_HUMAN	27.451	102	72	2	1	101	324	424	4.24e-39	137
A3KPF5	sp|Q8NBS9|TXND5_HUMAN	25.743	101	72	3	3	102	193	291	1.69e-34	125
A3KPF5	sp|Q8NBS9|TXND5_HUMAN	25.253	99	71	3	5	101	67	164	9.21e-32	118
A3KPF5	sp|Q5R875|TMX3_PONAB	30.612	98	67	1	6	103	32	128	5.01e-39	137
A3KPF5	sp|Q6GNG3|TMX3_XENLA	32.653	98	65	1	6	103	32	128	5.40e-39	137
A3KPF5	sp|P17967|PDI_YEAST	30.189	106	69	2	1	103	34	137	5.73e-39	138
A3KPF5	sp|P17967|PDI_YEAST	28.037	107	71	3	1	103	378	482	7.07e-27	105
A3KPF5	sp|O48773|PDI23_ARATH	33.333	105	65	3	1	103	32	133	9.11e-39	136
A3KPF5	sp|O48773|PDI23_ARATH	30.476	105	67	3	2	103	165	266	1.64e-33	122
A3KPF5	sp|Q9MAU6|PDI22_ARATH	31.429	105	67	3	1	103	34	135	1.29e-38	136
A3KPF5	sp|Q9MAU6|PDI22_ARATH	29.412	102	66	3	2	100	170	268	1.39e-34	125
A3KPF5	sp|Q8VX13|PDI13_ARATH	39.423	104	59	2	1	103	101	201	1.52e-38	138
A3KPF5	sp|Q8VX13|PDI13_ARATH	25.000	108	73	4	1	103	439	543	4.36e-22	92.5
A3KPF5	sp|Q9ZEE0|THIO_RICPR	27.619	105	71	3	1	103	2	103	1.69e-38	127
A3KPF5	sp|Q69ST6|PID13_ORYSJ	30.841	107	70	2	1	103	80	186	1.87e-38	137
A3KPF5	sp|Q69ST6|PID13_ORYSJ	29.524	105	69	5	1	103	425	526	2.19e-28	109
A3KPF5	sp|P0AA30|THIO_SHIFL	25.243	103	72	3	1	101	5	104	2.08e-38	127
A3KPF5	sp|P0AA28|THIO_SALTY	25.243	103	72	3	1	101	5	104	2.08e-38	127
A3KPF5	sp|P0AA29|THIO_SALTI	25.243	103	72	3	1	101	5	104	2.08e-38	127
A3KPF5	sp|P0AA25|THIO_ECOLI	25.243	103	72	3	1	101	5	104	2.08e-38	127
A3KPF5	sp|P0AA26|THIO_ECOL6	25.243	103	72	3	1	101	5	104	2.08e-38	127
A3KPF5	sp|P0AA27|THIO_ECO57	25.243	103	72	3	1	101	5	104	2.08e-38	127
A3KPF5	sp|Q921X9|PDIA5_MOUSE	27.184	103	74	1	1	102	276	378	2.55e-38	136
A3KPF5	sp|Q921X9|PDIA5_MOUSE	23.810	105	76	3	1	102	397	500	5.68e-25	100
A3KPF5	sp|Q5I0H9|PDIA5_RAT	27.184	103	74	1	1	102	276	378	2.63e-38	136
A3KPF5	sp|Q5I0H9|PDIA5_RAT	22.857	105	77	3	1	102	397	500	6.15e-25	100
A3KPF5	sp|Q67UF5|PDI23_ORYSJ	33.333	102	63	3	1	100	31	129	2.81e-38	135
A3KPF5	sp|Q67UF5|PDI23_ORYSJ	27.451	102	68	3	2	100	168	266	1.24e-33	123
A3KPF5	sp|Q92JR5|THIO_RICCN	25.000	100	70	3	6	103	7	103	2.92e-38	126
A3KPF5	sp|Q14554|PDIA5_HUMAN	28.155	103	73	1	1	102	278	380	6.31e-38	136
A3KPF5	sp|Q14554|PDIA5_HUMAN	23.810	105	76	3	1	102	399	502	5.89e-25	100
A3KPF5	sp|Q9VYV3|TXND5_DROME	25.962	104	74	2	2	103	40	142	8.65e-38	134
A3KPF5	sp|Q9VYV3|TXND5_DROME	27.723	101	69	3	6	103	310	409	9.54e-33	120
A3KPF5	sp|Q9VYV3|TXND5_DROME	27.885	104	72	3	1	103	168	269	5.26e-32	118
A3KPF5	sp|Q2KIL5|PDIA5_BOVIN	26.214	103	75	1	1	102	280	382	1.06e-37	135
A3KPF5	sp|Q2KIL5|PDIA5_BOVIN	23.810	105	76	3	1	102	401	504	1.79e-21	90.6
A3KPF5	sp|P00275|THIO1_CORNE	23.301	103	74	3	2	102	3	102	1.53e-37	124
A3KPF5	sp|Q10057|PDI1_SCHPO	29.808	104	70	2	1	103	24	125	1.67e-37	134
A3KPF5	sp|Q10057|PDI1_SCHPO	29.245	106	67	5	2	103	358	459	4.54e-33	122
A3KPF5	sp|Q11067|PDIA6_CAEEL	29.524	105	66	3	1	100	166	267	4.03e-37	132
A3KPF5	sp|Q11067|PDIA6_CAEEL	29.412	102	66	3	1	99	26	124	3.25e-33	122
A3KPF5	sp|Q1RKN1|THIO_RICBR	23.762	101	72	3	4	102	5	102	5.38e-37	123
A3KPF5	sp|P0A4L2|THIO1_NOSSO	21.359	103	76	3	3	103	6	105	7.84e-37	123
A3KPF5	sp|P0A4L1|THIO1_NOSS1	21.359	103	76	3	3	103	6	105	7.84e-37	123
A3KPF5	sp|Q68Y00|THIO_RICTY	25.714	105	73	3	1	103	2	103	9.30e-37	122
A3KPF5	sp|P50254|THIO_PYRYE	28.571	105	70	3	1	103	3	104	1.04e-36	122
A3KPF5	sp|P37395|THIO_CYACA	25.000	104	73	3	2	103	5	105	1.22e-36	122
A3KPF5	sp|Q9CM49|THIO_PASMU	22.857	105	76	3	1	103	3	104	1.55e-36	122
A3KPF5	sp|P80579|THIO_ALIAC	26.804	97	67	2	2	97	3	96	3.28e-36	121
A3KPF5	sp|Q9T042|PDI54_ARATH	24.348	115	72	2	2	101	144	258	3.41e-36	130
A3KPF5	sp|P43785|THIO_HAEIN	20.952	105	78	3	1	103	4	105	3.71e-36	121
A3KPF5	sp|P12243|THIO1_SYNE7	23.529	102	73	3	4	103	7	105	4.01e-36	121
A3KPF5	sp|Q3T0L2|ERP44_BOVIN	29.630	108	71	2	1	103	31	138	5.92e-36	129
A3KPF5	sp|P51225|THIO_PORPU	26.667	105	72	3	1	103	3	104	8.26e-36	120
A3KPF5	sp|P52227|THIO_CHLCV	22.115	104	75	3	1	103	2	100	1.23e-35	120
A3KPF5	sp|P52231|THIO_SYNY3	22.330	103	75	3	3	103	6	105	1.70e-35	119
A3KPF5	sp|Q9PJK3|THIO_CHLMU	25.000	104	72	3	1	103	2	100	1.81e-35	119
A3KPF5	sp|P52233|THIO_ACIFR	24.272	103	73	3	1	101	5	104	2.23e-35	119
A3KPF5	sp|Q50KB1|SEP2_EMIHU	20.000	105	79	4	2	102	20	123	2.34e-35	122
A3KPF5	sp|Q9D1Q6|ERP44_MOUSE	29.630	108	71	2	1	103	31	138	2.60e-35	127
A3KPF5	sp|P12865|BS2_TRYBB	26.471	102	71	2	2	102	22	120	2.60e-35	128
A3KPF5	sp|P12865|BS2_TRYBB	20.588	102	78	2	3	103	353	452	4.00e-21	89.4
A3KPF5	sp|O84544|THIO_CHLTR	22.115	104	75	3	1	103	2	100	2.71e-35	119
A3KPF5	sp|Q9X2T1|THIO_PSEAE	19.417	103	78	3	1	101	5	104	3.31e-35	119
A3KPF5	sp|Q4N4N8|TXND_THEPA	28.571	105	66	3	2	100	33	134	4.07e-35	122
A3KPF5	sp|Q9Z7P5|THIO_CHLPN	26.923	104	70	3	1	103	2	100	4.11e-35	118
A3KPF5	sp|P0AGG7|THIO2_SHIFL	21.154	104	78	2	1	103	37	137	5.32e-35	119
A3KPF5	sp|P0AGG4|THIO2_ECOLI	21.154	104	78	2	1	103	37	137	5.32e-35	119
A3KPF5	sp|P0AGG5|THIO2_ECOL6	21.154	104	78	2	1	103	37	137	5.32e-35	119
A3KPF5	sp|P0AGG6|THIO2_ECO57	21.154	104	78	2	1	103	37	137	5.32e-35	119
A3KPF5	sp|Q9BS26|ERP44_HUMAN	29.630	108	71	2	1	103	31	138	5.66e-35	126
A3KPF5	sp|D3Z6P0|PDIA2_MOUSE	33.962	106	67	1	1	103	47	152	7.52e-35	127
A3KPF5	sp|D3Z6P0|PDIA2_MOUSE	24.762	105	72	4	1	101	393	494	3.82e-27	106
A3KPF5	sp|Q67IX6|PDI14_ORYSJ	36.893	103	65	0	1	103	75	177	9.62e-35	127
A3KPF5	sp|Q67IX6|PDI14_ORYSJ	25.926	108	72	4	1	103	416	520	3.65e-21	89.8
A3KPF5	sp|P09857|THIO_ALLVI	21.359	103	76	3	1	101	4	103	1.70e-34	117
A3KPF5	sp|Q49WR2|THIO_STAS1	20.192	104	78	3	1	103	3	102	1.73e-34	117
A3KPF5	sp|O22022|THIO_CYAM1	21.154	104	75	3	2	103	2	100	2.89e-34	116
A3KPF5	sp|Q9H3N1|TMX1_HUMAN	21.782	101	75	2	1	101	31	127	3.10e-34	121
A3KPF5	sp|P66928|THIO_HELPY	21.359	103	76	3	2	103	5	103	3.83e-34	116
A3KPF5	sp|P66929|THIO_HELPJ	21.359	103	76	3	2	103	5	103	3.83e-34	116
A3KPF5	sp|Q69SA9|PDI54_ORYSJ	20.690	116	77	2	2	102	144	259	7.57e-34	124
A3KPF5	sp|Q4L5F0|THIO_STAHJ	20.192	104	78	3	1	103	3	102	9.78e-34	115
A3KPF5	sp|P96132|THIO_THIRO	22.222	90	66	2	1	89	5	91	1.38e-33	114
A3KPF5	sp|P32474|EUG1_YEAST	31.429	105	67	2	2	103	36	138	1.80e-33	123
A3KPF5	sp|P33791|THIO_KITAU	21.569	102	75	3	2	101	4	102	2.21e-33	114
A3KPF5	sp|Q8VBT0|TMX1_MOUSE	22.772	101	74	2	1	101	31	127	2.28e-33	119
A3KPF5	sp|O13811|PDI2_SCHPO	27.103	107	73	3	1	103	142	247	2.33e-33	121
A3KPF5	sp|O13811|PDI2_SCHPO	28.972	107	71	4	1	103	22	127	4.99e-29	109
A3KPF5	sp|Q0Z7W6|TMX1_BOVIN	21.782	101	75	2	1	101	31	127	2.38e-33	119
A3KPF5	sp|P48384|TRXM_PEA	24.762	105	74	3	1	103	69	170	3.28e-33	115
A3KPF5	sp|Q66GQ3|PDI16_ARATH	86.408	103	14	0	1	103	77	179	3.31e-33	123
A3KPF5	sp|Q8GYD1|PDI51_ARATH	21.359	103	78	3	1	101	27	128	4.86e-33	114
A3KPF5	sp|A3KPF5|PDI15_ARATH	100.000	103	0	0	1	103	79	181	5.67e-33	122
A3KPF5	sp|O48737|TRXM1_ARATH	20.952	105	78	3	1	103	76	177	9.91e-33	115
A3KPF5	sp|P0A0K5|THIO_STAAW	19.231	104	79	3	1	103	3	102	1.46e-32	112
A3KPF5	sp|P0A0K6|THIO_STAAU	19.231	104	79	3	1	103	3	102	1.46e-32	112
A3KPF5	sp|Q6GA69|THIO_STAAS	19.231	104	79	3	1	103	3	102	1.46e-32	112
A3KPF5	sp|Q6GHU0|THIO_STAAR	19.231	104	79	3	1	103	3	102	1.46e-32	112
A3KPF5	sp|P99122|THIO_STAAN	19.231	104	79	3	1	103	3	102	1.46e-32	112
A3KPF5	sp|P0A0K4|THIO_STAAM	19.231	104	79	3	1	103	3	102	1.46e-32	112
A3KPF5	sp|Q5HGT9|THIO_STAAC	19.231	104	79	3	1	103	3	102	1.46e-32	112
A3KPF5	sp|Q2YXD0|THIO_STAAB	19.231	104	79	3	1	103	3	102	1.46e-32	112
A3KPF5	sp|Q2FZD2|THIO_STAA8	19.231	104	79	3	1	103	3	102	1.46e-32	112
A3KPF5	sp|Q2FHT6|THIO_STAA3	19.231	104	79	3	1	103	3	102	1.46e-32	112
A3KPF5	sp|Q8CPL5|THIO_STAES	20.192	104	78	3	1	103	3	102	1.82e-32	112
A3KPF5	sp|Q5HQ29|THIO_STAEQ	20.192	104	78	3	1	103	3	102	1.82e-32	112
A3KPF5	sp|P50338|THIO_GRIPA	23.810	105	75	3	1	103	3	104	2.08e-32	112
A3KPF5	sp|Q9LJU2|PDI53_ARATH	21.552	116	76	2	2	102	144	259	2.30e-32	120
A3KPF5	sp|P14949|THIO_BACSU	21.154	104	77	3	1	103	3	102	3.01e-32	111
A3KPF5	sp|Q10N04|PDI51_ORYSJ	18.447	103	81	3	1	101	31	132	3.72e-32	112
A3KPF5	sp|O13704|YEU5_SCHPO	25.472	106	72	2	2	101	34	138	3.90e-32	117
A3KPF5	sp|P10473|THIO_RHORU	26.471	102	70	3	3	102	3	101	9.09e-32	110
A3KPF5	sp|P57653|THIO_BUCAI	23.810	105	75	3	1	103	4	105	1.19e-31	110
A3KPF5	sp|Q41864|TRXM_MAIZE	20.952	105	78	3	1	103	61	162	2.86e-31	110
A3KPF5	sp|P23400|TRXM_CHLRE	28.431	102	68	3	4	103	39	137	3.12e-31	110
A3KPF5	sp|P9WG67|THIO_MYCTU	23.000	100	72	3	2	99	10	106	6.56e-31	108
A3KPF5	sp|P9WG66|THIO_MYCTO	23.000	100	72	3	2	99	10	106	6.56e-31	108
A3KPF5	sp|P0A617|THIO_MYCBO	23.000	100	72	3	2	99	10	106	6.56e-31	108
A3KPF5	sp|Q9ZP20|TRXM5_ORYSJ	24.242	99	70	3	7	103	73	168	6.78e-31	110
A3KPF5	sp|Q8KE49|THIO2_CHLTE	20.202	99	74	3	3	99	7	102	6.82e-31	108
A3KPF5	sp|P10472|THIO_CHLTI	21.359	103	76	3	3	103	6	105	8.07e-31	107
A3KPF5	sp|P07591|TRXM_SPIOL	25.714	105	73	3	1	103	76	177	9.11e-31	110
A3KPF5	sp|Q5R5L3|DJC10_PONAB	17.822	101	79	2	1	100	131	228	1.34e-30	116
A3KPF5	sp|Q5R5L3|DJC10_PONAB	22.549	102	74	2	1	102	455	551	5.92e-29	112
A3KPF5	sp|Q5R5L3|DJC10_PONAB	20.755	106	75	4	4	103	675	777	6.85e-26	103
A3KPF5	sp|Q498R3|DJC10_RAT	19.802	101	77	2	1	100	131	228	1.36e-30	116
A3KPF5	sp|Q498R3|DJC10_RAT	23.529	102	73	2	1	102	455	551	2.59e-29	112
A3KPF5	sp|Q498R3|DJC10_RAT	18.868	106	77	3	2	101	673	775	2.24e-25	101
A3KPF5	sp|Q8IXB1|DJC10_HUMAN	17.822	101	79	2	1	100	131	228	1.42e-30	116
A3KPF5	sp|Q8IXB1|DJC10_HUMAN	22.549	102	74	2	1	102	455	551	6.27e-29	111
A3KPF5	sp|Q8IXB1|DJC10_HUMAN	20.561	107	74	4	4	103	675	777	9.62e-26	102
A3KPF5	sp|Q9DC23|DJC10_MOUSE	19.802	101	77	2	1	100	131	228	1.49e-30	116
A3KPF5	sp|Q9DC23|DJC10_MOUSE	23.529	102	73	2	1	102	455	551	3.34e-29	112
A3KPF5	sp|Q9DC23|DJC10_MOUSE	20.755	106	75	3	2	101	673	775	2.42e-25	101
A3KPF5	sp|Q9DC23|DJC10_MOUSE	21.101	109	74	4	1	100	558	663	3.06e-21	90.2
A3KPF5	sp|Q9RD25|THIO2_STRCO	25.000	80	56	1	2	81	5	80	2.28e-30	107
A3KPF5	sp|P08058|THIO_RHOSH	19.608	102	77	3	2	101	4	102	2.57e-30	106
A3KPF5	sp|P52230|THIO1_STRCO	20.202	99	74	3	3	99	7	102	3.07e-30	106
A3KPF5	sp|Q95108|THIOM_BOVIN	27.368	95	65	2	10	103	72	163	5.79e-30	107
A3KPF5	sp|Q9XGS0|TRXM_BRANA	19.608	102	77	3	4	103	76	174	1.05e-29	107
A3KPF5	sp|Q99757|THIOM_HUMAN	27.368	95	65	2	10	103	72	163	1.10e-29	107
A3KPF5	sp|Q9SEU8|TRXM2_ARATH	17.143	105	82	3	1	103	82	183	1.22e-29	107
A3KPF5	sp|Q6NRT6|DJC10_XENLA	17.822	101	79	2	1	100	132	229	1.35e-29	113
A3KPF5	sp|Q6NRT6|DJC10_XENLA	23.364	107	72	4	4	103	676	779	4.09e-28	109
A3KPF5	sp|Q6NRT6|DJC10_XENLA	20.588	102	76	2	1	102	456	552	6.15e-27	106
A3KPF5	sp|Q6NRT6|DJC10_XENLA	22.936	109	72	4	1	100	559	664	4.74e-23	95.2
A3KPF5	sp|P59527|THIO_BUCBP	25.000	104	73	3	1	102	5	105	1.63e-29	104
A3KPF5	sp|Q12404|MPD1_YEAST	22.314	121	70	5	1	100	31	148	1.71e-29	110
A3KPF5	sp|O83889|THIO_TREPA	27.184	103	71	2	2	103	4	103	1.79e-29	104
A3KPF5	sp|P52232|THIO1_SYNY3	28.049	82	55	2	7	87	8	86	1.99e-29	104
A3KPF5	sp|O51890|THIO_BUCAP	22.857	105	76	3	1	103	4	105	2.61e-29	104
A3KPF5	sp|Q9ZP21|TRXM_WHEAT	23.810	105	75	3	1	103	70	171	2.65e-29	106
A3KPF5	sp|P0A4L3|THIO_LISMO	19.231	104	79	3	1	103	2	101	3.71e-29	103
A3KPF5	sp|P0A4L4|THIO_LISIN	19.231	104	79	3	1	103	2	101	3.71e-29	103
A3KPF5	sp|P97615|THIOM_RAT	27.368	95	65	2	10	103	72	163	3.84e-29	105
A3KPF5	sp|P97493|THIOM_MOUSE	27.368	95	65	2	10	103	72	163	4.28e-29	105
A3KPF5	sp|Q6H7E4|TRXM1_ORYSJ	20.000	105	79	3	1	103	68	169	4.53e-29	105
A3KPF5	sp|Q7M1B9|THIO_CHLAA	25.532	94	65	3	2	93	5	95	5.89e-29	103
A3KPF5	sp|O30974|THIO_MYCSM	21.000	100	76	3	2	99	8	106	6.80e-29	103
A3KPF5	sp|Q05739|THIO_STRCL	18.367	98	74	3	4	99	8	101	1.37e-28	102
A3KPF5	sp|Q9SEU6|TRXM4_ARATH	20.000	105	79	3	1	103	88	189	1.53e-28	104
A3KPF5	sp|P46843|TRXB_MYCLE	23.000	100	72	3	2	99	352	448	2.11e-28	109
A3KPF5	sp|P07887|THIO2_CORNE	20.000	105	79	3	1	103	5	106	8.55e-28	100
A3KPF5	sp|Q7X8R5|TRXM2_ORYSJ	20.000	105	79	3	1	103	75	176	1.04e-27	102
A3KPF5	sp|Q8L7S9|TRXY2_ARATH	25.000	100	70	3	5	102	64	160	1.22e-27	101
A3KPF5	sp|Q6NPF9|TRXY1_ARATH	25.000	100	70	3	5	102	69	165	3.70e-27	100
A3KPF5	sp|Q5JMR9|TRXY_ORYSJ	24.000	100	71	3	5	102	65	161	7.37e-27	99.8
A3KPF5	sp|Q8JGM4|QSOX1_CHICK	22.989	87	65	1	10	94	62	148	4.44e-26	103
A3KPF5	sp|Q5WA72|PDI15_ORYSJ	56.311	103	45	0	1	103	70	172	1.60e-25	102
A3KPF5	sp|Q1RQI9|THIO_MALSM	25.773	97	70	1	7	103	8	102	2.05e-25	94.4
A3KPF5	sp|Q8KEA4|THIO1_CHLTE	24.051	79	56	2	7	84	3	78	8.73e-25	92.5
A3KPF5	sp|P52228|THIO3_CORNE	25.610	82	56	2	2	82	38	115	1.73e-24	93.2
A3KPF5	sp|Q17424|THIO2_CAEEL	27.551	98	66	3	7	102	46	140	2.65e-24	92.5
A3KPF5	sp|P22217|TRX1_YEAST	26.506	83	57	1	5	87	7	85	2.75e-24	91.3
A3KPF5	sp|Q9R6P9|THIO_MYCGA	27.273	99	67	2	5	102	6	100	5.15e-24	90.6
A3KPF5	sp|Q7XKD0|TRXX_ORYSJ	20.755	106	77	3	1	102	69	171	1.01e-23	92.1
A3KPF5	sp|Q8TFM8|THIO_FUSCU	22.093	86	66	1	5	90	7	91	2.37e-23	89.4
A3KPF5	sp|Q7KQL8|THIO_PLAF7	21.569	102	76	1	2	103	4	101	5.70e-23	87.9
A3KPF5	sp|P42115|THIO_NEUCR	25.581	86	63	1	5	90	10	94	9.52e-23	88.2
A3KPF5	sp|Q8IFW4|THIOT_DROME	20.652	92	70	1	12	103	16	104	1.38e-22	88.6
A3KPF5	sp|O17486|THIO_ECHGR	24.510	102	73	1	1	102	7	104	1.80e-22	86.7
A3KPF5	sp|P75512|THIO_MYCPN	28.723	94	62	2	11	103	13	102	2.57e-22	86.3
A3KPF5	sp|Q8BND5|QSOX1_MOUSE	26.744	86	57	2	12	91	57	142	1.79e-21	90.6
A3KPF5	sp|Q09433|THIO1_CAEEL	22.892	83	58	2	7	87	16	94	3.16e-21	84.0
A3KPF5	sp|Q6XHI1|THIO2_DROYA	24.719	89	64	1	14	102	18	103	9.60e-21	82.5
A3KPF5	sp|Q17770|PDI2_CAEEL	43.689	103	58	0	1	103	25	127	1.56e-46	158
A3KPF5	sp|Q17770|PDI2_CAEEL	25.714	105	72	4	1	102	365	466	4.97e-27	105
A3KPF5	sp|P08003|PDIA4_MOUSE	29.412	102	72	0	2	103	173	274	5.24e-45	156
A3KPF5	sp|P08003|PDIA4_MOUSE	29.126	103	73	0	1	103	57	159	2.66e-38	137
A3KPF5	sp|P08003|PDIA4_MOUSE	20.370	108	80	4	1	103	520	626	4.97e-24	97.8
A3KPF5	sp|P38659|PDIA4_RAT	29.000	100	71	0	2	101	178	277	6.06e-45	156
A3KPF5	sp|P38659|PDIA4_RAT	29.126	103	73	0	1	103	62	164	1.20e-38	139
A3KPF5	sp|P38659|PDIA4_RAT	20.370	108	80	4	1	103	525	631	5.17e-24	97.8
A3KPF5	sp|P0A4L2|THIO1_NOSSO	23.301	103	74	3	3	103	6	105	9.81e-45	143
A3KPF5	sp|P0A4L1|THIO1_NOSS1	23.301	103	74	3	3	103	6	105	9.81e-45	143
A3KPF5	sp|P0AA30|THIO_SHIFL	25.000	104	73	3	1	102	5	105	1.28e-44	142
A3KPF5	sp|P0AA28|THIO_SALTY	25.000	104	73	3	1	102	5	105	1.28e-44	142
A3KPF5	sp|P0AA29|THIO_SALTI	25.000	104	73	3	1	102	5	105	1.28e-44	142
A3KPF5	sp|P0AA25|THIO_ECOLI	25.000	104	73	3	1	102	5	105	1.28e-44	142
A3KPF5	sp|P0AA26|THIO_ECOL6	25.000	104	73	3	1	102	5	105	1.28e-44	142
A3KPF5	sp|P0AA27|THIO_ECO57	25.000	104	73	3	1	102	5	105	1.28e-44	142
A3KPF5	sp|P13667|PDIA4_HUMAN	28.431	102	73	0	2	103	180	281	1.36e-44	155
A3KPF5	sp|P13667|PDIA4_HUMAN	30.097	103	72	0	1	103	64	166	9.85e-39	139
A3KPF5	sp|P13667|PDIA4_HUMAN	21.296	108	79	4	1	103	527	633	1.63e-25	102
A3KPF5	sp|Q17967|PDI1_CAEEL	43.689	103	58	0	1	103	25	127	1.97e-44	152
A3KPF5	sp|Q17967|PDI1_CAEEL	28.302	106	70	5	1	103	365	467	1.79e-28	109
A3KPF5	sp|P52231|THIO_SYNY3	22.330	103	75	3	3	103	6	105	6.68e-44	140
A3KPF5	sp|P12243|THIO1_SYNE7	23.529	102	73	3	4	103	7	105	8.41e-44	140
A3KPF5	sp|P05307|PDIA1_BOVIN	34.906	106	66	1	1	103	28	133	1.15e-43	151
A3KPF5	sp|P05307|PDIA1_BOVIN	26.415	106	71	4	1	102	371	473	5.25e-28	108
A3KPF5	sp|P48384|TRXM_PEA	24.762	105	74	3	1	103	69	170	1.34e-43	142
A3KPF5	sp|P00275|THIO1_CORNE	23.301	103	74	3	2	102	3	102	1.82e-43	139
A3KPF5	sp|Q4UNK3|THIO_RICFE	27.184	103	70	3	3	103	4	103	1.86e-43	139
A3KPF5	sp|P34329|PDIA4_CAEEL	32.673	101	68	0	1	101	149	249	2.05e-43	151
A3KPF5	sp|P34329|PDIA4_CAEEL	29.126	103	67	2	1	102	38	135	1.26e-36	133
A3KPF5	sp|P34329|PDIA4_CAEEL	25.234	107	75	3	1	103	501	606	4.16e-27	106
A3KPF5	sp|P54399|PDI_DROME	40.777	103	61	0	1	103	29	131	3.73e-43	149
A3KPF5	sp|P54399|PDI_DROME	24.762	105	73	4	1	102	369	470	1.39e-26	104
A3KPF5	sp|P50254|THIO_PYRYE	28.571	105	70	3	1	103	3	104	3.90e-43	139
A3KPF5	sp|P21195|PDIA1_RABIT	34.906	106	66	1	1	103	27	132	4.08e-43	149
A3KPF5	sp|P21195|PDIA1_RABIT	28.302	106	69	4	1	102	370	472	1.69e-29	112
A3KPF5	sp|Q2HWU2|PDIA1_MACFU	34.906	106	66	1	1	103	28	133	5.42e-43	149
A3KPF5	sp|Q2HWU2|PDIA1_MACFU	27.358	106	70	4	1	102	371	473	2.26e-28	109
A3KPF5	sp|P07237|PDIA1_HUMAN	34.906	106	66	1	1	103	26	131	5.50e-43	149
A3KPF5	sp|P07237|PDIA1_HUMAN	26.415	106	71	4	1	102	369	471	2.63e-28	109
A3KPF5	sp|P37395|THIO_CYACA	25.000	104	73	3	2	103	5	105	5.92e-43	138
A3KPF5	sp|Q5R5B6|PDIA1_PONAB	34.906	106	66	1	1	103	26	131	6.30e-43	149
A3KPF5	sp|Q5R5B6|PDIA1_PONAB	26.415	106	71	4	1	102	369	471	2.85e-28	109
A3KPF5	sp|Q0E0I1|PDI53_ORYSJ	34.951	103	67	0	1	103	48	150	8.14e-43	147
A3KPF5	sp|Q9ZEE0|THIO_RICPR	27.619	105	71	3	1	103	2	103	1.84e-42	137
A3KPF5	sp|O48737|TRXM1_ARATH	20.952	105	78	3	1	103	76	177	1.92e-42	139
A3KPF5	sp|Q9X2T1|THIO_PSEAE	19.231	104	79	3	1	102	5	105	2.25e-42	137
A3KPF5	sp|P51225|THIO_PORPU	26.667	105	72	3	1	103	3	104	2.57e-42	137
A3KPF5	sp|P43785|THIO_HAEIN	20.952	105	78	3	1	103	4	105	2.60e-42	137
A3KPF5	sp|P80284|PDI_HORVU	34.579	107	66	2	1	103	40	146	2.64e-42	147
A3KPF5	sp|P80284|PDI_HORVU	30.476	105	69	4	1	103	383	485	5.56e-32	119
A3KPF5	sp|Q92JR5|THIO_RICCN	25.243	103	72	3	3	103	4	103	2.76e-42	136
A3KPF5	sp|Q29RV1|PDIA4_BOVIN	29.000	100	71	0	2	101	179	278	4.11e-42	148
A3KPF5	sp|Q29RV1|PDIA4_BOVIN	31.068	103	71	0	1	103	63	165	1.56e-39	141
A3KPF5	sp|Q29RV1|PDIA4_BOVIN	19.444	108	81	3	1	103	525	631	7.90e-25	100
A3KPF5	sp|Q0JD42|PDI52_ORYSJ	33.010	103	69	0	1	103	44	146	4.18e-42	145
A3KPF5	sp|Q9CM49|THIO_PASMU	22.857	105	76	3	1	103	3	104	4.31e-42	136
A3KPF5	sp|Q9XI01|PDI11_ARATH	36.449	107	64	2	1	103	32	138	5.97e-42	146
A3KPF5	sp|Q9XI01|PDI11_ARATH	30.189	106	69	4	1	103	376	479	5.75e-28	108
A3KPF5	sp|P80579|THIO_ALIAC	24.752	101	72	2	2	101	3	100	6.78e-42	135
A3KPF5	sp|P52233|THIO_ACIFR	24.038	104	74	3	1	102	5	105	1.08e-41	135
A3KPF5	sp|P52589|PDI_WHEAT	33.645	107	67	2	1	103	41	147	1.23e-41	145
A3KPF5	sp|P52589|PDI_WHEAT	31.429	105	68	4	1	103	384	486	5.76e-32	119
A3KPF5	sp|P09102|PDIA1_CHICK	33.962	106	67	1	1	103	31	136	1.47e-41	145
A3KPF5	sp|P09102|PDIA1_CHICK	28.302	106	69	4	1	102	374	476	2.50e-29	112
A3KPF5	sp|P38657|PDIA3_BOVIN	32.710	107	65	3	1	103	27	130	1.57e-41	145
A3KPF5	sp|P38657|PDIA3_BOVIN	23.364	107	76	4	1	103	378	482	9.37e-30	113
A3KPF5	sp|Q5RDG4|PDIA3_PONAB	32.710	107	65	3	1	103	27	130	1.61e-41	145
A3KPF5	sp|Q5RDG4|PDIA3_PONAB	24.299	107	75	4	1	103	378	482	2.47e-29	112
A3KPF5	sp|P30101|PDIA3_HUMAN	32.710	107	65	3	1	103	27	130	1.61e-41	145
A3KPF5	sp|P30101|PDIA3_HUMAN	24.299	107	75	4	1	103	378	482	2.47e-29	112
A3KPF5	sp|O22022|THIO_CYAM1	21.154	104	75	3	2	103	2	100	1.83e-41	134
A3KPF5	sp|P29828|PDI_MEDSA	34.579	107	66	2	1	103	35	141	1.84e-41	145
A3KPF5	sp|P29828|PDI_MEDSA	28.302	106	71	4	1	103	379	482	2.01e-28	109
A3KPF5	sp|Q4VIT4|PDIA3_CHLAE	31.776	107	66	3	1	103	27	130	2.08e-41	144
A3KPF5	sp|Q4VIT4|PDIA3_CHLAE	24.299	107	75	4	1	103	378	482	2.87e-29	112
A3KPF5	sp|Q00216|TIGA_ASPNG	24.528	106	77	2	1	103	21	126	2.19e-41	142
A3KPF5	sp|Q00216|TIGA_ASPNG	28.037	107	72	3	1	103	142	247	6.73e-33	119
A3KPF5	sp|Q5R6T1|PDIA6_PONAB	37.255	102	61	3	1	99	162	263	2.32e-41	143
A3KPF5	sp|Q5R6T1|PDIA6_PONAB	32.353	102	63	3	1	99	27	125	6.52e-36	129
A3KPF5	sp|Q15084|PDIA6_HUMAN	37.255	102	61	3	1	99	162	263	2.39e-41	143
A3KPF5	sp|Q15084|PDIA6_HUMAN	32.353	102	63	3	1	99	27	125	6.66e-36	129
A3KPF5	sp|Q9XF61|PDI_DATGL	32.710	107	68	2	1	103	35	141	3.60e-41	144
A3KPF5	sp|Q9XF61|PDI_DATGL	30.189	106	69	4	1	103	379	482	7.43e-29	110
A3KPF5	sp|P11598|PDIA3_RAT	30.841	107	67	3	1	103	27	130	4.27e-41	144
A3KPF5	sp|P11598|PDIA3_RAT	25.234	107	74	4	1	103	378	482	6.38e-28	108
A3KPF5	sp|P27773|PDIA3_MOUSE	30.841	107	67	3	1	103	27	130	5.48e-41	143
A3KPF5	sp|P27773|PDIA3_MOUSE	25.234	107	74	4	1	103	378	482	2.48e-28	109
A3KPF5	sp|Q53LQ0|PDI11_ORYSJ	33.645	107	67	2	1	103	42	148	7.61e-41	143
A3KPF5	sp|Q53LQ0|PDI11_ORYSJ	32.381	105	67	4	1	103	386	488	8.96e-31	116
A3KPF5	sp|Q9FF55|PDI14_ARATH	44.660	103	55	1	1	103	105	205	8.08e-41	144
A3KPF5	sp|P38660|PDIA6_MESAU	37.255	102	61	3	1	99	162	263	8.50e-41	142
A3KPF5	sp|P38660|PDIA6_MESAU	33.333	102	62	3	1	99	27	125	1.01e-36	131
A3KPF5	sp|Q1RKN1|THIO_RICBR	24.510	102	72	3	3	102	4	102	9.31e-41	132
A3KPF5	sp|Q41864|TRXM_MAIZE	20.952	105	78	3	1	103	61	162	9.73e-41	135
A3KPF5	sp|Q43116|PDI_RICCO	33.645	107	67	2	1	103	34	140	1.06e-40	142
A3KPF5	sp|Q43116|PDI_RICCO	24.528	106	75	4	1	103	378	481	1.21e-29	113
A3KPF5	sp|P50338|THIO_GRIPA	23.810	105	75	3	1	103	3	104	1.21e-40	132
A3KPF5	sp|Q68Y00|THIO_RICTY	25.714	105	73	3	1	103	2	103	1.41e-40	132
A3KPF5	sp|Q9XGS0|TRXM_BRANA	19.048	105	80	3	1	103	73	174	1.55e-40	134
A3KPF5	sp|Q9ZP20|TRXM5_ORYSJ	23.232	99	71	3	7	103	73	168	1.65e-40	134
A3KPF5	sp|P38658|ERP60_SCHMA	33.333	102	67	1	1	101	19	120	1.74e-40	142
A3KPF5	sp|P38658|ERP60_SCHMA	26.168	107	73	4	1	103	360	464	2.66e-27	106
A3KPF5	sp|Q49WR2|THIO_STAS1	20.192	104	78	3	1	103	3	102	1.82e-40	132
A3KPF5	sp|Q63081|PDIA6_RAT	39.216	102	59	3	1	99	162	263	2.32e-40	140
A3KPF5	sp|Q63081|PDIA6_RAT	30.392	102	65	3	1	99	27	125	2.40e-36	130
A3KPF5	sp|Q922R8|PDIA6_MOUSE	39.216	102	59	3	1	99	162	263	2.32e-40	140
A3KPF5	sp|Q922R8|PDIA6_MOUSE	31.373	102	64	3	1	99	27	125	1.73e-36	130
A3KPF5	sp|P33791|THIO_KITAU	21.359	103	76	3	2	102	4	103	2.63e-40	132
A3KPF5	sp|Q942L2|PDI22_ORYSJ	30.189	106	70	3	1	103	155	259	2.67e-40	139
A3KPF5	sp|Q942L2|PDI22_ORYSJ	27.885	104	72	2	1	102	37	139	1.23e-38	135
A3KPF5	sp|Q6H7E4|TRXM1_ORYSJ	20.000	105	79	3	1	103	68	169	2.90e-40	134
A3KPF5	sp|P52588|PDI_MAIZE	31.776	107	69	2	1	103	36	142	2.93e-40	142
A3KPF5	sp|P52588|PDI_MAIZE	31.429	105	68	4	1	103	380	482	6.53e-30	114
A3KPF5	sp|P07591|TRXM_SPIOL	24.762	105	74	3	1	103	76	177	3.14e-40	134
A3KPF5	sp|Q9SEU8|TRXM2_ARATH	17.143	105	82	3	1	103	82	183	3.95e-40	134
A3KPF5	sp|Q75M08|PDI21_ORYSJ	30.189	106	70	3	1	103	150	254	4.79e-40	138
A3KPF5	sp|Q75M08|PDI21_ORYSJ	28.846	104	71	2	1	102	32	134	3.82e-39	136
A3KPF5	sp|Q9SRG3|PDI12_ARATH	35.514	107	65	2	1	103	31	137	4.83e-40	141
A3KPF5	sp|Q9SRG3|PDI12_ARATH	27.358	106	72	4	1	103	374	477	1.22e-27	107
A3KPF5	sp|Q92249|ERP38_NEUCR	27.184	103	72	2	4	103	25	127	5.36e-40	138
A3KPF5	sp|Q92249|ERP38_NEUCR	32.710	107	67	3	1	103	143	248	1.22e-33	122
A3KPF5	sp|P23400|TRXM_CHLRE	28.431	102	68	3	4	103	39	137	5.75e-40	132
A3KPF5	sp|Q86IA3|PDI1_DICDI	31.429	105	69	2	1	102	24	128	5.77e-40	138
A3KPF5	sp|Q86IA3|PDI1_DICDI	29.091	110	68	5	1	103	144	250	1.54e-33	121
A3KPF5	sp|P09103|PDIA1_MOUSE	34.906	106	66	1	1	103	28	133	6.01e-40	140
A3KPF5	sp|P09103|PDIA1_MOUSE	26.415	106	71	4	1	102	371	473	5.44e-28	108
A3KPF5	sp|P09857|THIO_ALLVI	21.154	104	77	3	1	102	4	104	7.11e-40	130
A3KPF5	sp|Q94F09|PDI52_ARATH	33.981	103	68	0	1	103	34	136	8.55e-40	139
A3KPF5	sp|O22263|PDI21_ARATH	28.431	102	70	2	4	103	28	128	8.58e-40	137
A3KPF5	sp|O22263|PDI21_ARATH	31.132	106	69	3	1	103	143	247	6.42e-39	135
A3KPF5	sp|P0AGG7|THIO2_SHIFL	21.154	104	78	2	1	103	37	137	1.08e-39	131
A3KPF5	sp|P0AGG4|THIO2_ECOLI	21.154	104	78	2	1	103	37	137	1.08e-39	131
A3KPF5	sp|P0AGG5|THIO2_ECOL6	21.154	104	78	2	1	103	37	137	1.08e-39	131
A3KPF5	sp|P0AGG6|THIO2_ECO57	21.154	104	78	2	1	103	37	137	1.08e-39	131
A3KPF5	sp|Q4L5F0|THIO_STAHJ	20.192	104	78	3	1	103	3	102	1.14e-39	130
A3KPF5	sp|Q8JG64|PDIA3_CHICK	32.381	105	66	3	1	103	27	128	1.99e-39	139
A3KPF5	sp|Q8JG64|PDIA3_CHICK	23.364	107	76	4	1	103	376	480	1.05e-29	113
A3KPF5	sp|Q9ZP21|TRXM_WHEAT	23.810	105	75	3	1	103	70	171	2.31e-39	131
A3KPF5	sp|Q9SEU6|TRXM4_ARATH	20.952	105	78	3	1	103	88	189	4.91e-39	131
A3KPF5	sp|P04785|PDIA1_RAT	34.906	106	66	1	1	103	28	133	5.51e-39	138
A3KPF5	sp|P04785|PDIA1_RAT	26.415	106	71	4	1	102	371	473	4.03e-28	109
A3KPF5	sp|P0A0K5|THIO_STAAW	19.231	104	79	3	1	103	3	102	5.62e-39	128
A3KPF5	sp|P0A0K6|THIO_STAAU	19.231	104	79	3	1	103	3	102	5.62e-39	128
A3KPF5	sp|Q6GA69|THIO_STAAS	19.231	104	79	3	1	103	3	102	5.62e-39	128
A3KPF5	sp|Q6GHU0|THIO_STAAR	19.231	104	79	3	1	103	3	102	5.62e-39	128
A3KPF5	sp|P99122|THIO_STAAN	19.231	104	79	3	1	103	3	102	5.62e-39	128
A3KPF5	sp|P0A0K4|THIO_STAAM	19.231	104	79	3	1	103	3	102	5.62e-39	128
A3KPF5	sp|Q5HGT9|THIO_STAAC	19.231	104	79	3	1	103	3	102	5.62e-39	128
A3KPF5	sp|Q2YXD0|THIO_STAAB	19.231	104	79	3	1	103	3	102	5.62e-39	128
A3KPF5	sp|Q2FZD2|THIO_STAA8	19.231	104	79	3	1	103	3	102	5.62e-39	128
A3KPF5	sp|Q2FHT6|THIO_STAA3	19.231	104	79	3	1	103	3	102	5.62e-39	128
A3KPF5	sp|Q91W90|TXND5_MOUSE	29.412	102	70	2	1	101	309	409	6.17e-39	137
A3KPF5	sp|Q91W90|TXND5_MOUSE	27.723	101	70	3	3	102	179	277	3.43e-33	121
A3KPF5	sp|Q91W90|TXND5_MOUSE	25.253	99	71	3	5	101	53	150	1.92e-30	114
A3KPF5	sp|Q8CPL5|THIO_STAES	20.192	104	78	3	1	103	3	102	6.70e-39	128
A3KPF5	sp|Q5HQ29|THIO_STAEQ	20.192	104	78	3	1	103	3	102	6.70e-39	128
A3KPF5	sp|Q7X8R5|TRXM2_ORYSJ	20.000	105	79	3	1	103	75	176	7.36e-39	130
A3KPF5	sp|Q8R4U2|PDIA1_CRIGR	34.906	106	66	1	1	103	28	133	7.67e-39	138
A3KPF5	sp|Q8R4U2|PDIA1_CRIGR	26.415	106	71	4	1	102	371	473	6.71e-28	108
A3KPF5	sp|Q8KE49|THIO2_CHLTE	19.417	103	78	3	3	103	7	106	7.96e-39	128
A3KPF5	sp|P96132|THIO_THIRO	22.222	90	66	2	1	89	5	91	8.41e-39	127
A3KPF5	sp|P10472|THIO_CHLTI	21.359	103	76	3	3	103	6	105	8.90e-39	128
A3KPF5	sp|Q9V438|PDIA6_DROME	31.132	106	64	3	1	100	158	260	9.04e-39	136
A3KPF5	sp|Q9V438|PDIA6_DROME	28.125	96	63	3	1	93	27	119	6.97e-31	115
A3KPF5	sp|Q7XRB5|PDI12_ORYSJ	28.037	107	73	2	1	103	34	140	9.32e-39	137
A3KPF5	sp|Q7XRB5|PDI12_ORYSJ	24.762	105	75	4	1	103	379	481	1.64e-25	101
A3KPF5	sp|P66928|THIO_HELPY	21.359	103	76	3	2	103	5	103	9.46e-39	127
A3KPF5	sp|P66929|THIO_HELPJ	21.359	103	76	3	2	103	5	103	9.46e-39	127
A3KPF5	sp|Q869Z0|Y5025_DICDI	27.778	108	67	3	1	100	29	133	9.53e-39	136
A3KPF5	sp|P14949|THIO_BACSU	21.154	104	77	3	1	103	3	102	1.17e-38	127
A3KPF5	sp|P38661|PDIA6_MEDSA	32.075	106	68	3	1	103	149	253	1.29e-38	135
A3KPF5	sp|P38661|PDIA6_MEDSA	26.733	101	71	2	4	102	34	133	7.85e-38	132
A3KPF5	sp|Q8NBS9|TXND5_HUMAN	27.451	102	72	2	1	101	324	424	3.38e-38	135
A3KPF5	sp|Q8NBS9|TXND5_HUMAN	25.743	101	72	3	3	102	193	291	2.02e-33	122
A3KPF5	sp|Q8NBS9|TXND5_HUMAN	25.253	99	71	3	5	101	67	164	2.26e-30	114
A3KPF5	sp|Q54EN4|PDI2_DICDI	28.155	103	73	1	1	103	43	144	3.62e-38	136
A3KPF5	sp|Q54EN4|PDI2_DICDI	28.972	107	69	5	1	102	378	482	1.02e-26	105
A3KPF5	sp|P57653|THIO_BUCAI	23.810	105	75	3	1	103	4	105	5.43e-38	126
A3KPF5	sp|P10473|THIO_RHORU	26.471	102	70	3	3	102	3	101	5.55e-38	125
A3KPF5	sp|Q9PJK3|THIO_CHLMU	25.000	104	72	3	1	103	2	100	9.46e-38	125
A3KPF5	sp|P55059|PDI_HUMIN	30.769	104	69	2	1	103	23	124	1.13e-37	134
A3KPF5	sp|P55059|PDI_HUMIN	27.523	109	70	5	1	103	357	462	1.31e-25	102
A3KPF5	sp|Q13087|PDIA2_HUMAN	30.189	106	71	1	1	103	44	149	1.26e-37	135
A3KPF5	sp|Q13087|PDIA2_HUMAN	25.472	106	72	4	1	102	390	492	5.48e-26	103
A3KPF5	sp|P9WG67|THIO_MYCTU	23.000	100	72	3	2	99	10	106	1.29e-37	125
A3KPF5	sp|P9WG66|THIO_MYCTO	23.000	100	72	3	2	99	10	106	1.29e-37	125
A3KPF5	sp|P0A617|THIO_MYCBO	23.000	100	72	3	2	99	10	106	1.29e-37	125
A3KPF5	sp|O84544|THIO_CHLTR	22.115	104	75	3	1	103	2	100	1.64e-37	124
A3KPF5	sp|Q12730|PDI_ASPNG	28.846	104	71	2	1	103	27	128	1.75e-37	134
A3KPF5	sp|Q12730|PDI_ASPNG	31.000	100	60	4	10	103	371	467	7.63e-26	102
A3KPF5	sp|D4B2L8|PDI_ARTBC	30.769	104	69	2	1	103	32	133	2.05e-37	134
A3KPF5	sp|D4B2L8|PDI_ARTBC	26.606	109	70	5	1	102	366	471	1.80e-26	104
A3KPF5	sp|Q00248|PDI_ASPOR	28.846	104	71	2	1	103	31	132	2.27e-37	134
A3KPF5	sp|Q00248|PDI_ASPOR	32.990	97	58	4	10	103	375	467	4.45e-27	106
A3KPF5	sp|Q5RCH2|PDIA2_PONAB	30.189	106	71	1	1	103	44	149	2.47e-37	134
A3KPF5	sp|Q5RCH2|PDIA2_PONAB	25.472	106	72	4	1	102	390	492	4.53e-25	100
A3KPF5	sp|Q9Z7P5|THIO_CHLPN	26.923	104	70	3	1	103	2	100	2.54e-37	124
A3KPF5	sp|P52227|THIO_CHLCV	21.154	104	76	3	1	103	2	100	2.65e-37	124
A3KPF5	sp|Q96JJ7|TMX3_HUMAN	31.633	98	66	1	6	103	32	128	3.68e-37	132
A3KPF5	sp|O48773|PDI23_ARATH	33.333	105	65	3	1	103	32	133	3.69e-37	132
A3KPF5	sp|O48773|PDI23_ARATH	30.476	105	67	3	2	103	165	266	2.07e-32	120
A3KPF5	sp|Q8BXZ1|TMX3_MOUSE	31.633	98	66	1	6	103	35	131	5.99e-37	132
A3KPF5	sp|P17967|PDI_YEAST	30.189	106	69	2	1	103	34	137	6.61e-37	133
A3KPF5	sp|P17967|PDI_YEAST	28.037	107	71	3	1	103	378	482	8.39e-26	102
A3KPF5	sp|P52230|THIO1_STRCO	19.608	102	77	3	3	102	7	105	6.70e-37	123
A3KPF5	sp|P08058|THIO_RHOSH	19.608	102	77	3	2	101	4	102	7.82e-37	123
A3KPF5	sp|Q8VX13|PDI13_ARATH	39.423	104	59	2	1	103	101	201	8.69e-37	133
A3KPF5	sp|Q9MAU6|PDI22_ARATH	32.381	105	66	3	1	103	34	135	9.69e-37	131
A3KPF5	sp|Q9MAU6|PDI22_ARATH	29.412	102	66	3	2	100	170	268	2.78e-33	122
A3KPF5	sp|Q921X9|PDIA5_MOUSE	27.184	103	74	1	1	102	276	378	1.18e-36	132
A3KPF5	sp|Q921X9|PDIA5_MOUSE	23.810	105	76	3	1	102	397	500	5.80e-24	97.5
A3KPF5	sp|Q14554|PDIA5_HUMAN	28.155	103	73	1	1	102	278	380	1.46e-36	132
A3KPF5	sp|Q14554|PDIA5_HUMAN	23.810	105	76	3	1	102	399	502	8.49e-24	97.1
A3KPF5	sp|Q9VYV3|TXND5_DROME	25.000	104	75	2	2	103	40	142	1.83e-36	130
A3KPF5	sp|Q9VYV3|TXND5_DROME	27.723	101	69	3	6	103	310	409	1.17e-31	117
A3KPF5	sp|Q9VYV3|TXND5_DROME	27.885	104	72	3	1	103	168	269	1.20e-31	117
A3KPF5	sp|Q5I0H9|PDIA5_RAT	27.184	103	74	1	1	102	276	378	1.90e-36	131
A3KPF5	sp|Q5I0H9|PDIA5_RAT	22.857	105	77	3	1	102	397	500	5.86e-24	97.5
A3KPF5	sp|Q6GNG3|TMX3_XENLA	32.653	98	65	1	6	103	32	128	1.94e-36	130
A3KPF5	sp|Q67UF5|PDI23_ORYSJ	34.314	102	62	3	1	100	31	129	2.38e-36	130
A3KPF5	sp|Q67UF5|PDI23_ORYSJ	27.451	102	68	3	2	100	168	266	6.26e-32	118
A3KPF5	sp|Q10057|PDI1_SCHPO	29.808	104	70	2	1	103	24	125	2.42e-36	131
A3KPF5	sp|Q10057|PDI1_SCHPO	29.245	106	67	5	2	103	358	459	7.13e-32	119
A3KPF5	sp|Q5R875|TMX3_PONAB	30.612	98	67	1	6	103	32	128	2.72e-36	130
A3KPF5	sp|P0A4L3|THIO_LISMO	19.231	104	79	3	1	103	2	101	3.82e-36	121
A3KPF5	sp|P0A4L4|THIO_LISIN	19.231	104	79	3	1	103	2	101	3.82e-36	121
A3KPF5	sp|P07887|THIO2_CORNE	20.000	105	79	3	1	103	5	106	5.23e-36	121
A3KPF5	sp|P59527|THIO_BUCBP	25.000	104	73	3	1	102	5	105	6.34e-36	120
A3KPF5	sp|Q2KIL5|PDIA5_BOVIN	26.214	103	75	1	1	102	280	382	9.59e-36	129
A3KPF5	sp|P46843|TRXB_MYCLE	23.000	100	72	3	2	99	352	448	1.01e-35	129
A3KPF5	sp|Q69ST6|PID13_ORYSJ	30.841	107	70	2	1	103	80	186	1.31e-35	129
A3KPF5	sp|Q69ST6|PID13_ORYSJ	29.524	105	69	5	1	103	425	526	5.00e-27	106
A3KPF5	sp|Q7M1B9|THIO_CHLAA	24.038	104	74	3	2	103	5	105	1.55e-35	120
A3KPF5	sp|O51890|THIO_BUCAP	22.857	105	76	3	1	103	4	105	1.58e-35	119
A3KPF5	sp|O30974|THIO_MYCSM	21.000	100	76	3	2	99	8	106	3.47e-35	119
A3KPF5	sp|Q05739|THIO_STRCL	18.182	99	75	3	3	99	7	101	5.00e-35	118
A3KPF5	sp|Q11067|PDIA6_CAEEL	29.524	105	66	3	1	100	166	267	1.38e-34	125
A3KPF5	sp|Q11067|PDIA6_CAEEL	29.808	104	67	3	1	101	26	126	9.86e-32	118
A3KPF5	sp|O83889|THIO_TREPA	27.184	103	71	2	2	103	4	103	1.41e-34	117
A3KPF5	sp|Q4N4N8|TXND_THEPA	28.571	105	66	3	2	100	33	134	4.16e-34	119
A3KPF5	sp|Q8L7S9|TRXY2_ARATH	25.000	100	70	3	5	102	64	160	5.67e-34	117
A3KPF5	sp|Q67IX6|PDI14_ORYSJ	36.893	103	65	0	1	103	75	177	8.14e-34	125
A3KPF5	sp|Q9H3N1|TMX1_HUMAN	21.782	101	75	2	1	101	31	127	1.09e-33	120
A3KPF5	sp|Q3T0L2|ERP44_BOVIN	29.630	108	71	2	1	103	31	138	1.21e-33	122
A3KPF5	sp|Q1RQI9|THIO_MALSM	25.773	97	70	1	7	103	8	102	1.73e-33	114
A3KPF5	sp|Q50KB1|SEP2_EMIHU	20.000	105	79	4	2	102	20	123	1.75e-33	118
A3KPF5	sp|P12865|BS2_TRYBB	26.471	102	71	2	2	102	22	120	2.56e-33	123
A3KPF5	sp|Q5JMR9|TRXY_ORYSJ	24.000	100	71	3	5	102	65	161	3.55e-33	115
A3KPF5	sp|Q6NPF9|TRXY1_ARATH	25.000	100	70	3	5	102	69	165	4.72e-33	115
A3KPF5	sp|Q9RD25|THIO2_STRCO	20.792	101	75	2	2	101	5	101	5.60e-33	114
A3KPF5	sp|Q9T042|PDI54_ARATH	24.348	115	72	2	2	101	144	258	9.05e-33	121
A3KPF5	sp|Q9D1Q6|ERP44_MOUSE	29.630	108	71	2	1	103	31	138	9.69e-33	120
A3KPF5	sp|Q0Z7W6|TMX1_BOVIN	21.782	101	75	2	1	101	31	127	1.15e-32	117
A3KPF5	sp|D3Z6P0|PDIA2_MOUSE	33.962	106	67	1	1	103	47	152	1.32e-32	121
A3KPF5	sp|D3Z6P0|PDIA2_MOUSE	24.528	106	73	4	1	102	393	495	3.10e-26	104
A3KPF5	sp|Q9BS26|ERP44_HUMAN	29.630	108	71	2	1	103	31	138	1.65e-32	119
A3KPF5	sp|Q7XKD0|TRXX_ORYSJ	20.755	106	77	3	1	102	69	171	1.80e-32	114
A3KPF5	sp|Q8VBT0|TMX1_MOUSE	22.772	101	74	2	1	101	31	127	1.92e-32	117
A3KPF5	sp|P52232|THIO1_SYNY3	26.829	82	56	2	7	87	8	86	2.79e-32	111
A3KPF5	sp|Q95108|THIOM_BOVIN	27.368	95	65	2	10	103	72	163	3.57e-32	113
A3KPF5	sp|Q99757|THIOM_HUMAN	27.368	95	65	2	10	103	72	163	5.90e-32	112
A3KPF5	sp|Q7KQL8|THIO_PLAF7	21.569	102	76	1	2	103	4	101	9.86e-32	110
A3KPF5	sp|P97615|THIOM_RAT	27.368	95	65	2	10	103	72	163	1.54e-31	111
A3KPF5	sp|O13811|PDI2_SCHPO	27.103	107	73	3	1	103	142	247	1.69e-31	116
A3KPF5	sp|O13811|PDI2_SCHPO	26.168	107	74	4	1	103	22	127	1.26e-28	108
A3KPF5	sp|Q8GYD1|PDI51_ARATH	21.359	103	78	3	1	101	27	128	1.93e-31	110
A3KPF5	sp|P97493|THIOM_MOUSE	27.368	95	65	2	10	103	72	163	2.25e-31	111
A3KPF5	sp|P22217|TRX1_YEAST	23.711	97	70	1	5	101	7	99	2.25e-31	109
A3KPF5	sp|P32474|EUG1_YEAST	31.429	105	67	2	2	103	36	138	2.78e-31	117
A3KPF5	sp|Q6NRT6|DJC10_XENLA	17.822	101	79	2	1	100	132	229	3.85e-31	118
A3KPF5	sp|Q6NRT6|DJC10_XENLA	25.234	107	70	5	4	103	676	779	2.05e-25	101
A3KPF5	sp|Q6NRT6|DJC10_XENLA	20.588	102	76	2	1	102	456	552	2.41e-24	99.0
A3KPF5	sp|Q66GQ3|PDI16_ARATH	86.408	103	14	0	1	103	77	179	1.25e-30	115
A3KPF5	sp|Q69SA9|PDI54_ORYSJ	20.690	116	77	2	2	102	144	259	1.30e-30	115
A3KPF5	sp|Q9R6P9|THIO_MYCGA	27.273	99	67	2	5	102	6	100	1.33e-30	107
A3KPF5	sp|Q10N04|PDI51_ORYSJ	18.447	103	81	3	1	101	31	132	1.96e-30	108
A3KPF5	sp|O13704|YEU5_SCHPO	25.472	106	72	2	2	101	34	138	2.00e-30	113
A3KPF5	sp|A3KPF5|PDI15_ARATH	100.000	103	0	0	1	103	79	181	2.92e-30	115
A3KPF5	sp|Q9DC23|DJC10_MOUSE	19.802	101	77	2	1	100	131	228	3.96e-30	115
A3KPF5	sp|Q9DC23|DJC10_MOUSE	23.529	102	73	2	1	102	455	551	5.25e-26	103
A3KPF5	sp|Q9DC23|DJC10_MOUSE	21.698	106	74	3	2	101	673	775	5.90e-25	100
A3KPF5	sp|Q8KEA4|THIO1_CHLTE	22.222	99	72	3	7	103	3	98	4.03e-30	105
A3KPF5	sp|Q498R3|DJC10_RAT	19.802	101	77	2	1	100	131	228	4.12e-30	115
A3KPF5	sp|Q498R3|DJC10_RAT	23.529	102	73	2	1	102	455	551	3.11e-26	104
A3KPF5	sp|Q498R3|DJC10_RAT	19.811	106	76	3	2	101	673	775	3.77e-25	101
A3KPF5	sp|O17486|THIO_ECHGR	24.510	102	73	1	1	102	7	104	4.59e-30	105
A3KPF5	sp|Q5R5L3|DJC10_PONAB	17.822	101	79	2	1	100	131	228	5.57e-30	114
A3KPF5	sp|Q5R5L3|DJC10_PONAB	22.549	102	74	2	1	102	455	551	4.00e-26	104
A3KPF5	sp|Q5R5L3|DJC10_PONAB	19.811	106	76	3	4	103	675	777	3.49e-25	101
A3KPF5	sp|P42115|THIO_NEUCR	23.077	104	74	2	5	103	10	112	5.73e-30	106
A3KPF5	sp|Q8IXB1|DJC10_HUMAN	17.822	101	79	2	1	100	131	228	5.79e-30	114
A3KPF5	sp|Q8IXB1|DJC10_HUMAN	22.549	102	74	2	1	102	455	551	4.12e-26	104
A3KPF5	sp|Q8IXB1|DJC10_HUMAN	21.495	107	73	4	4	103	675	777	5.46e-25	100
A3KPF5	sp|Q8TFM8|THIO_FUSCU	22.093	86	66	1	5	90	7	91	6.42e-30	106
A3KPF5	sp|Q17424|THIO2_CAEEL	27.551	98	66	3	7	102	46	140	1.21e-29	106
A3KPF5	sp|Q8IFW4|THIOT_DROME	20.792	101	75	2	5	103	7	104	1.37e-29	106
A3KPF5	sp|Q7XQQ2|TRXM3_ORYSJ	22.330	103	75	3	3	103	69	168	3.82e-29	105
A3KPF5	sp|Q8LD49|TRXX_ARATH	19.811	106	78	3	1	102	71	173	4.43e-29	105
A3KPF5	sp|Q9LJU2|PDI53_ARATH	21.552	116	76	2	2	102	144	259	1.15e-28	110
A3KPF5	sp|P52228|THIO3_CORNE	24.719	89	62	2	2	89	38	122	3.55e-28	102
A3KPF5	sp|Q12404|MPD1_YEAST	22.314	121	70	5	1	100	31	148	4.20e-28	106
A3KPF5	sp|P75512|THIO_MYCPN	28.723	94	62	2	11	103	13	102	6.15e-28	100
A3KPF5	sp|P22803|TRX2_YEAST	20.408	98	73	2	5	101	7	100	1.03e-27	100
A3KPF5	sp|Q6XHI1|THIO2_DROYA	24.719	89	64	1	14	102	18	103	3.05e-27	99.0
A3KPF5	sp|Q9UW02|THIO_COPCM	21.649	97	74	1	7	103	9	103	4.05e-27	98.6
A3KPF5	sp|Q09433|THIO1_CAEEL	22.619	84	59	2	6	87	15	94	1.21e-26	97.5
A3KPF5	sp|Q9V429|THIO2_DROME	23.596	89	65	1	14	102	18	103	3.76e-26	96.3
A3KPF5	sp|O14463|TRX1_SCHPO	20.388	103	77	2	1	102	2	100	3.78e-26	95.9
A3KPF5	sp|P20857|THIO2_NOSS1	18.269	104	80	3	1	102	5	105	4.73e-26	95.9
A3KPF5	sp|O94504|TRX2_SCHPO	21.000	100	72	2	7	103	35	130	7.54e-26	96.3
A3KPF5	sp|P47370|THIO_MYCGE	22.340	94	68	2	10	102	12	101	1.71e-25	94.4
A3KPF5	sp|O96952|THIO_GEOCY	20.588	102	74	3	5	103	7	104	4.59e-25	93.2
A3KPF5	sp|P29429|THIO_EMENI	26.374	91	61	3	5	93	12	98	4.76e-25	93.6
A3KPF5	sp|Q8JGM4|QSOX1_CHICK	22.353	85	64	1	10	92	62	146	8.74e-25	100
A3KPF5	sp|P34723|THIO_PENCH	20.690	87	64	2	10	95	14	96	9.55e-25	92.5
A3KPF5	sp|Q39362|TRXH2_BRANA	24.468	94	68	1	10	103	22	112	2.78e-24	91.7
A3KPF5	sp|Q9SEU7|TRXM3_ARATH	22.330	103	75	3	3	103	70	169	4.23e-24	92.8
A3KPF5	sp|P29449|TRXH1_TOBAC	21.429	98	73	1	6	103	24	117	4.37e-24	91.3
A3KPF5	sp|P25372|TRX3_YEAST	21.359	103	76	2	1	102	27	125	5.00e-24	91.3
A3KPF5	sp|Q1RQJ1|THX28_ASPFM	21.905	105	74	3	1	101	6	106	5.98e-24	90.5
A3KPF5	sp|O97508|THIO_HORSE	21.000	100	73	2	5	102	7	102	7.98e-24	90.1
A3KPF5	sp|Q5WA72|PDI15_ORYSJ	56.311	103	45	0	1	103	70	172	1.12e-23	96.7
A3KPF5	sp|Q38879|TRXH2_ARATH	21.053	95	71	1	9	103	40	130	1.47e-23	90.5
A3KPF5	sp|P82460|THIO_PIG	22.680	97	69	2	9	103	11	103	1.79e-23	89.4
A3KPF5	sp|P50413|THIO_SHEEP	21.649	97	70	2	9	103	11	103	2.11e-23	89.0
A3KPF5	sp|P77395|CNOX_ECOLI	20.755	106	78	3	1	103	6	108	2.50e-23	93.6
A3KPF5	sp|P29448|TRXH1_ARATH	23.301	103	71	2	5	103	13	111	2.85e-23	89.0
A3KPF5	sp|Q9BDJ3|THIO_CALJA	24.752	101	70	2	5	103	7	103	3.37e-23	88.6
A3KPF5	sp|O97680|THIO_BOVIN	21.649	97	70	2	9	103	11	103	3.45e-23	88.6
A3KPF5	sp|Q43636|TRXH_RICCO	23.333	90	65	1	14	103	26	111	4.13e-23	88.6
A3KPF5	sp|Q39239|TRXH4_ARATH	22.340	94	70	1	10	103	22	112	5.69e-23	88.6
A3KPF5	sp|P29451|THIO_MACMU	23.762	101	71	2	5	103	7	103	6.08e-23	87.8
A3KPF5	sp|P08628|THIO_RABIT	22.772	101	72	2	5	103	7	103	6.15e-23	87.8
A3KPF5	sp|P10599|THIO_HUMAN	23.762	101	71	2	5	103	7	103	9.01e-23	87.4
A3KPF5	sp|Q8BND5|QSOX1_MOUSE	26.744	86	57	2	12	91	57	142	9.10e-23	94.4
A3KPF5	sp|A2YIW7|TRXH_ORYSI	21.359	103	73	2	5	103	13	111	9.86e-23	87.8
A3KPF5	sp|Q0D840|TRXH1_ORYSJ	21.359	103	73	2	5	103	13	111	9.86e-23	87.8
A3KPF5	sp|O64394|TRXH_WHEAT	21.111	90	67	1	10	99	34	119	9.89e-23	88.2
A3KPF5	sp|Q9USR1|TXL1_SCHPO	25.275	91	66	1	9	99	12	100	1.01e-22	92.1
A3KPF5	sp|Q6Z4I3|TRH21_ORYSJ	16.495	97	77	1	6	102	33	125	1.29e-22	88.2
A3KPF5	sp|O51088|THIO_BORBU	21.111	90	67	2	14	102	26	112	1.41e-22	87.4
A3KPF5	sp|Q6IUU3|QSOX1_RAT	22.989	87	65	1	12	96	57	143	1.83e-22	93.6
A3KPF5	sp|O81332|TRXF_MESCR	22.857	105	74	3	1	102	86	186	2.23e-22	89.0
A3KPF5	sp|Q07090|TRXH2_TOBAC	19.388	98	75	1	6	103	17	110	2.24e-22	87.1
A3KPF5	sp|Q9TW67|NGLY1_CAEEL	17.778	90	70	1	14	103	20	105	2.66e-22	92.8
A3KPF5	sp|A2YUQ6|CITRX_ORYSI	19.626	107	78	3	1	102	83	186	3.65e-22	88.2
A3KPF5	sp|Q5WNE3|NGLY1_CAEBR	21.505	93	69	1	11	103	17	105	3.69e-22	92.5
A3KPF5	sp|Q8H2V6|CITRX_ORYSJ	19.626	107	78	3	1	102	83	186	3.85e-22	88.2
A3KPF5	sp|P09856|TRXF_SPIOL	20.000	105	77	3	1	102	85	185	3.94e-22	88.2
A3KPF5	sp|Q1RQJ0|THX29_ASPFM	22.115	104	77	3	1	102	5	106	4.50e-22	85.9
A3KPF5	sp|P73263|THIO2_SYNY3	20.930	86	64	2	2	86	4	86	5.51e-22	85.5
A3KPF5	sp|Q9DGI3|THIO_ICTPU	20.000	105	79	3	1	102	2	104	6.78e-22	85.5
A3KPF5	sp|Q8S091|TRXF_ORYSJ	21.905	105	75	3	1	102	82	182	1.38e-21	86.7
A3KPF5	sp|O65049|TRXH_PICMA	22.727	88	64	1	10	97	20	103	1.42e-21	85.1
A3KPF5	sp|Q42403|TRXH3_ARATH	19.417	103	75	2	5	103	12	110	2.80e-21	84.0
A3KPF5	sp|Q39241|TRXH5_ARATH	23.529	102	74	1	2	103	13	110	3.48e-21	84.0
A3KPF5	sp|Q5R9M3|THIO_PONAB	23.529	102	71	3	5	103	7	104	3.82e-21	83.6
A3KPF5	sp|O48897|TRXF_BRANA	20.000	105	77	3	1	102	73	173	6.09e-21	85.1
A3KPF5	sp|P0A4L2|THIO1_NOSSO	22.330	103	75	3	3	103	6	105	1.43e-44	142
A3KPF5	sp|P0A4L1|THIO1_NOSS1	22.330	103	75	3	3	103	6	105	1.43e-44	142
A3KPF5	sp|Q17770|PDI2_CAEEL	43.689	103	58	0	1	103	25	127	4.43e-44	151
A3KPF5	sp|Q17770|PDI2_CAEEL	25.714	105	72	4	1	102	365	466	2.49e-25	101
A3KPF5	sp|P12243|THIO1_SYNE7	22.549	102	74	3	4	103	7	105	7.34e-44	140
A3KPF5	sp|P48384|TRXM_PEA	24.762	105	74	3	1	103	69	170	7.96e-44	142
A3KPF5	sp|P52231|THIO_SYNY3	22.330	103	75	3	3	103	6	105	1.47e-43	140
A3KPF5	sp|P0AA30|THIO_SHIFL	25.000	104	73	3	1	102	5	105	3.50e-43	139
A3KPF5	sp|P0AA28|THIO_SALTY	25.000	104	73	3	1	102	5	105	3.50e-43	139
A3KPF5	sp|P0AA29|THIO_SALTI	25.000	104	73	3	1	102	5	105	3.50e-43	139
A3KPF5	sp|P0AA25|THIO_ECOLI	25.000	104	73	3	1	102	5	105	3.50e-43	139
A3KPF5	sp|P0AA26|THIO_ECOL6	25.000	104	73	3	1	102	5	105	3.50e-43	139
A3KPF5	sp|P0AA27|THIO_ECO57	25.000	104	73	3	1	102	5	105	3.50e-43	139
A3KPF5	sp|P37395|THIO_CYACA	25.000	104	73	3	2	103	5	105	6.09e-43	138
A3KPF5	sp|O48737|TRXM1_ARATH	21.905	105	77	3	1	103	76	177	6.84e-43	140
A3KPF5	sp|P50254|THIO_PYRYE	27.619	105	71	3	1	103	3	104	1.04e-42	137
A3KPF5	sp|Q4UNK3|THIO_RICFE	27.184	103	70	3	3	103	4	103	1.14e-42	137
A3KPF5	sp|P00275|THIO1_CORNE	23.301	103	74	3	2	102	3	102	1.32e-42	137
A3KPF5	sp|P51225|THIO_PORPU	25.714	105	73	3	1	103	3	104	2.68e-42	137
A3KPF5	sp|P38659|PDIA4_RAT	29.000	100	71	0	2	101	178	277	3.35e-42	148
A3KPF5	sp|P38659|PDIA4_RAT	29.126	103	73	0	1	103	62	164	6.84e-37	134
A3KPF5	sp|P38659|PDIA4_RAT	21.296	108	79	4	1	103	525	631	1.78e-23	96.3
A3KPF5	sp|P08003|PDIA4_MOUSE	29.412	102	72	0	2	103	173	274	3.50e-42	148
A3KPF5	sp|P08003|PDIA4_MOUSE	29.126	103	73	0	1	103	57	159	1.71e-36	132
A3KPF5	sp|P08003|PDIA4_MOUSE	21.296	108	79	4	1	103	520	626	9.71e-24	97.1
A3KPF5	sp|P43785|THIO_HAEIN	20.952	105	78	3	1	103	4	105	8.09e-42	135
A3KPF5	sp|P13667|PDIA4_HUMAN	28.431	102	73	0	2	103	180	281	8.11e-42	147
A3KPF5	sp|P13667|PDIA4_HUMAN	30.097	103	72	0	1	103	64	166	6.19e-37	134
A3KPF5	sp|P13667|PDIA4_HUMAN	22.222	108	78	4	1	103	527	633	8.05e-25	100
A3KPF5	sp|Q17967|PDI1_CAEEL	43.689	103	58	0	1	103	25	127	8.71e-42	145
A3KPF5	sp|Q17967|PDI1_CAEEL	28.302	106	70	5	1	103	365	467	2.05e-27	107
A3KPF5	sp|P05307|PDIA1_BOVIN	34.906	106	66	1	1	103	28	133	1.07e-41	145
A3KPF5	sp|P05307|PDIA1_BOVIN	26.415	106	71	4	1	102	371	473	5.76e-26	103
A3KPF5	sp|P80579|THIO_ALIAC	24.752	101	72	2	2	101	3	100	1.25e-41	135
A3KPF5	sp|Q9ZEE0|THIO_RICPR	27.619	105	71	3	1	103	2	103	1.33e-41	135
A3KPF5	sp|O22022|THIO_CYAM1	21.154	104	75	3	2	103	2	100	1.67e-41	134
A3KPF5	sp|Q92JR5|THIO_RICCN	25.243	103	72	3	3	103	4	103	2.23e-41	134
A3KPF5	sp|Q9CM49|THIO_PASMU	22.857	105	76	3	1	103	3	104	2.32e-41	134
A3KPF5	sp|Q6H7E4|TRXM1_ORYSJ	20.000	105	79	3	1	103	68	169	2.56e-41	136
A3KPF5	sp|P21195|PDIA1_RABIT	34.906	106	66	1	1	103	27	132	3.72e-41	144
A3KPF5	sp|P21195|PDIA1_RABIT	28.302	106	69	4	1	102	370	472	2.59e-27	106
A3KPF5	sp|Q2HWU2|PDIA1_MACFU	34.906	106	66	1	1	103	28	133	4.05e-41	144
A3KPF5	sp|Q2HWU2|PDIA1_MACFU	27.358	106	70	4	1	102	371	473	2.42e-26	103
A3KPF5	sp|Q9X2T1|THIO_PSEAE	19.231	104	79	3	1	102	5	105	4.51e-41	134
A3KPF5	sp|P07237|PDIA1_HUMAN	34.906	106	66	1	1	103	26	131	4.52e-41	144
A3KPF5	sp|P07237|PDIA1_HUMAN	26.415	106	71	4	1	102	369	471	3.30e-26	103
A3KPF5	sp|Q5R5B6|PDIA1_PONAB	34.906	106	66	1	1	103	26	131	5.45e-41	144
A3KPF5	sp|Q5R5B6|PDIA1_PONAB	26.415	106	71	4	1	102	369	471	3.80e-26	103
A3KPF5	sp|Q9XGS0|TRXM_BRANA	20.000	105	79	3	1	103	73	174	6.82e-41	135
A3KPF5	sp|P52233|THIO_ACIFR	24.038	104	74	3	1	102	5	105	9.10e-41	133
A3KPF5	sp|P34329|PDIA4_CAEEL	32.673	101	68	0	1	101	149	249	1.24e-40	144
A3KPF5	sp|P34329|PDIA4_CAEEL	29.126	103	67	2	1	102	38	135	1.02e-34	127
A3KPF5	sp|P34329|PDIA4_CAEEL	25.234	107	75	3	1	103	501	606	7.75e-26	102
A3KPF5	sp|Q9SEU8|TRXM2_ARATH	18.095	105	81	3	1	103	82	183	1.38e-40	135
A3KPF5	sp|P07591|TRXM_SPIOL	25.714	105	73	3	1	103	76	177	1.49e-40	135
A3KPF5	sp|P54399|PDI_DROME	40.777	103	61	0	1	103	29	131	1.49e-40	142
A3KPF5	sp|P54399|PDI_DROME	24.762	105	73	4	1	102	369	470	2.84e-25	100
A3KPF5	sp|Q9ZP20|TRXM5_ORYSJ	23.232	99	71	3	7	103	73	168	1.81e-40	134
A3KPF5	sp|Q0E0I1|PDI53_ORYSJ	34.951	103	67	0	1	103	48	150	2.03e-40	140
A3KPF5	sp|Q9SEU6|TRXM4_ARATH	20.952	105	78	3	1	103	88	189	3.46e-40	134
A3KPF5	sp|P50338|THIO_GRIPA	23.810	105	75	3	1	103	3	104	3.65e-40	131
A3KPF5	sp|Q41864|TRXM_MAIZE	20.952	105	78	3	1	103	61	162	4.01e-40	133
A3KPF5	sp|Q49WR2|THIO_STAS1	20.192	104	78	3	1	103	3	102	4.08e-40	131
A3KPF5	sp|Q1RKN1|THIO_RICBR	24.510	102	72	3	3	102	4	102	5.07e-40	131
A3KPF5	sp|Q68Y00|THIO_RICTY	25.714	105	73	3	1	103	2	103	8.03e-40	130
A3KPF5	sp|P33791|THIO_KITAU	21.359	103	76	3	2	102	4	103	8.94e-40	130
A3KPF5	sp|P09102|PDIA1_CHICK	33.962	106	67	1	1	103	31	136	1.29e-39	140
A3KPF5	sp|P09102|PDIA1_CHICK	28.302	106	69	4	1	102	374	476	5.11e-27	105
A3KPF5	sp|Q0JD42|PDI52_ORYSJ	33.010	103	69	0	1	103	44	146	1.38e-39	138
A3KPF5	sp|Q29RV1|PDIA4_BOVIN	29.000	100	71	0	2	101	179	278	1.74e-39	141
A3KPF5	sp|Q29RV1|PDIA4_BOVIN	31.068	103	71	0	1	103	63	165	9.27e-38	136
A3KPF5	sp|Q29RV1|PDIA4_BOVIN	20.370	108	80	3	1	103	525	631	2.32e-24	99.0
A3KPF5	sp|P10472|THIO_CHLTI	21.359	103	76	3	3	103	6	105	1.91e-39	129
A3KPF5	sp|Q00216|TIGA_ASPNG	24.528	106	77	2	1	103	21	126	1.93e-39	137
A3KPF5	sp|Q00216|TIGA_ASPNG	28.037	107	72	3	1	103	142	247	3.10e-32	118
A3KPF5	sp|P80284|PDI_HORVU	34.579	107	66	2	1	103	40	146	1.96e-39	139
A3KPF5	sp|P80284|PDI_HORVU	30.476	105	69	4	1	103	383	485	6.07e-31	116
A3KPF5	sp|Q4L5F0|THIO_STAHJ	20.192	104	78	3	1	103	3	102	1.98e-39	129
A3KPF5	sp|P23400|TRXM_CHLRE	28.431	102	68	3	4	103	39	137	2.06e-39	130
A3KPF5	sp|Q7X8R5|TRXM2_ORYSJ	19.048	105	80	3	1	103	75	176	2.52e-39	131
A3KPF5	sp|P29828|PDI_MEDSA	34.579	107	66	2	1	103	35	141	3.84e-39	139
A3KPF5	sp|P29828|PDI_MEDSA	28.302	106	71	4	1	103	379	482	7.15e-27	105
A3KPF5	sp|Q9XI01|PDI11_ARATH	36.449	107	64	2	1	103	32	138	4.27e-39	138
A3KPF5	sp|Q9XI01|PDI11_ARATH	30.189	106	69	4	1	103	376	479	1.59e-26	104
A3KPF5	sp|Q9XF61|PDI_DATGL	32.710	107	68	2	1	103	35	141	4.36e-39	138
A3KPF5	sp|Q9XF61|PDI_DATGL	30.189	106	69	4	1	103	379	482	1.41e-27	107
A3KPF5	sp|Q5R6T1|PDIA6_PONAB	37.255	102	61	3	1	99	162	263	4.87e-39	137
A3KPF5	sp|Q5R6T1|PDIA6_PONAB	32.353	102	63	3	1	99	27	125	9.21e-34	123
A3KPF5	sp|P0AGG7|THIO2_SHIFL	21.154	104	78	2	1	103	37	137	4.90e-39	129
A3KPF5	sp|P0AGG4|THIO2_ECOLI	21.154	104	78	2	1	103	37	137	4.90e-39	129
A3KPF5	sp|P0AGG5|THIO2_ECOL6	21.154	104	78	2	1	103	37	137	4.90e-39	129
A3KPF5	sp|P0AGG6|THIO2_ECO57	21.154	104	78	2	1	103	37	137	4.90e-39	129
A3KPF5	sp|Q15084|PDIA6_HUMAN	37.255	102	61	3	1	99	162	263	5.08e-39	137
A3KPF5	sp|Q15084|PDIA6_HUMAN	32.353	102	63	3	1	99	27	125	9.21e-34	123
A3KPF5	sp|Q9ZP21|TRXM_WHEAT	23.810	105	75	3	1	103	70	171	5.82e-39	130
A3KPF5	sp|Q8KE49|THIO2_CHLTE	19.417	103	78	3	3	103	7	106	5.83e-39	128
A3KPF5	sp|P0A0K5|THIO_STAAW	19.231	104	79	3	1	103	3	102	7.13e-39	128
A3KPF5	sp|P0A0K6|THIO_STAAU	19.231	104	79	3	1	103	3	102	7.13e-39	128
A3KPF5	sp|Q6GA69|THIO_STAAS	19.231	104	79	3	1	103	3	102	7.13e-39	128
A3KPF5	sp|Q6GHU0|THIO_STAAR	19.231	104	79	3	1	103	3	102	7.13e-39	128
A3KPF5	sp|P99122|THIO_STAAN	19.231	104	79	3	1	103	3	102	7.13e-39	128
A3KPF5	sp|P0A0K4|THIO_STAAM	19.231	104	79	3	1	103	3	102	7.13e-39	128
A3KPF5	sp|Q5HGT9|THIO_STAAC	19.231	104	79	3	1	103	3	102	7.13e-39	128
A3KPF5	sp|Q2YXD0|THIO_STAAB	19.231	104	79	3	1	103	3	102	7.13e-39	128
A3KPF5	sp|Q2FZD2|THIO_STAA8	19.231	104	79	3	1	103	3	102	7.13e-39	128
A3KPF5	sp|Q2FHT6|THIO_STAA3	19.231	104	79	3	1	103	3	102	7.13e-39	128
A3KPF5	sp|Q9FF55|PDI14_ARATH	44.660	103	55	1	1	103	105	205	9.09e-39	139
A3KPF5	sp|P38657|PDIA3_BOVIN	32.710	107	65	3	1	103	27	130	1.04e-38	137
A3KPF5	sp|P38657|PDIA3_BOVIN	23.364	107	76	4	1	103	378	482	1.71e-28	110
A3KPF5	sp|Q5RDG4|PDIA3_PONAB	32.710	107	65	3	1	103	27	130	1.08e-38	137
A3KPF5	sp|Q5RDG4|PDIA3_PONAB	24.299	107	75	4	1	103	378	482	4.13e-28	108
A3KPF5	sp|P30101|PDIA3_HUMAN	32.710	107	65	3	1	103	27	130	1.08e-38	137
A3KPF5	sp|P30101|PDIA3_HUMAN	24.299	107	75	4	1	103	378	482	4.13e-28	108
A3KPF5	sp|Q8CPL5|THIO_STAES	20.192	104	78	3	1	103	3	102	1.11e-38	127
A3KPF5	sp|Q5HQ29|THIO_STAEQ	20.192	104	78	3	1	103	3	102	1.11e-38	127
A3KPF5	sp|Q92249|ERP38_NEUCR	27.184	103	72	2	4	103	25	127	1.13e-38	135
A3KPF5	sp|Q92249|ERP38_NEUCR	32.710	107	67	3	1	103	143	248	7.83e-33	120
A3KPF5	sp|P52589|PDI_WHEAT	33.645	107	67	2	1	103	41	147	1.32e-38	137
A3KPF5	sp|P52589|PDI_WHEAT	31.429	105	68	4	1	103	384	486	5.67e-31	117
A3KPF5	sp|P38658|ERP60_SCHMA	33.333	102	67	1	1	101	19	120	1.40e-38	137
A3KPF5	sp|P38658|ERP60_SCHMA	26.168	107	73	4	1	103	360	464	3.81e-26	103
A3KPF5	sp|Q4VIT4|PDIA3_CHLAE	31.776	107	66	3	1	103	27	130	1.47e-38	137
A3KPF5	sp|Q4VIT4|PDIA3_CHLAE	24.299	107	75	4	1	103	378	482	4.85e-28	108
A3KPF5	sp|O22263|PDI21_ARATH	28.431	102	70	2	4	103	28	128	1.98e-38	134
A3KPF5	sp|O22263|PDI21_ARATH	31.132	106	69	3	1	103	143	247	2.19e-36	129
A3KPF5	sp|P38660|PDIA6_MESAU	37.255	102	61	3	1	99	162	263	2.15e-38	135
A3KPF5	sp|P38660|PDIA6_MESAU	33.333	102	62	3	1	99	27	125	1.39e-34	125
A3KPF5	sp|P11598|PDIA3_RAT	30.841	107	67	3	1	103	27	130	3.20e-38	136
A3KPF5	sp|P11598|PDIA3_RAT	25.234	107	74	4	1	103	378	482	7.35e-27	105
A3KPF5	sp|Q942L2|PDI22_ORYSJ	30.189	106	70	3	1	103	155	259	3.32e-38	134
A3KPF5	sp|Q942L2|PDI22_ORYSJ	27.885	104	72	2	1	102	37	139	3.77e-37	131
A3KPF5	sp|Q53LQ0|PDI11_ORYSJ	33.645	107	67	2	1	103	42	148	3.96e-38	136
A3KPF5	sp|Q53LQ0|PDI11_ORYSJ	32.381	105	67	4	1	103	386	488	1.87e-29	112
A3KPF5	sp|P27773|PDIA3_MOUSE	30.841	107	67	3	1	103	27	130	3.98e-38	136
A3KPF5	sp|P27773|PDIA3_MOUSE	25.234	107	74	4	1	103	378	482	3.20e-27	106
A3KPF5	sp|P09103|PDIA1_MOUSE	34.906	106	66	1	1	103	28	133	4.25e-38	136
A3KPF5	sp|P09103|PDIA1_MOUSE	26.415	106	71	4	1	102	371	473	5.80e-26	103
A3KPF5	sp|Q63081|PDIA6_RAT	39.216	102	59	3	1	99	162	263	4.45e-38	135
A3KPF5	sp|Q63081|PDIA6_RAT	30.392	102	65	3	1	99	27	125	3.23e-34	124
A3KPF5	sp|Q922R8|PDIA6_MOUSE	39.216	102	59	3	1	99	162	263	4.45e-38	135
A3KPF5	sp|Q922R8|PDIA6_MOUSE	31.373	102	64	3	1	99	27	125	2.34e-34	125
A3KPF5	sp|P09857|THIO_ALLVI	21.154	104	77	3	1	102	4	104	4.70e-38	126
A3KPF5	sp|Q86IA3|PDI1_DICDI	31.429	105	69	2	1	102	24	128	5.89e-38	133
A3KPF5	sp|Q86IA3|PDI1_DICDI	29.091	110	68	5	1	103	144	250	4.26e-32	117
A3KPF5	sp|Q43116|PDI_RICCO	33.645	107	67	2	1	103	34	140	5.90e-38	135
A3KPF5	sp|Q43116|PDI_RICCO	24.528	106	75	4	1	103	378	481	4.48e-28	108
A3KPF5	sp|P52588|PDI_MAIZE	31.776	107	69	2	1	103	36	142	9.33e-38	135
A3KPF5	sp|P52588|PDI_MAIZE	31.429	105	68	4	1	103	380	482	2.03e-28	109
A3KPF5	sp|P66928|THIO_HELPY	21.359	103	76	3	2	103	5	103	9.83e-38	125
A3KPF5	sp|P66929|THIO_HELPJ	21.359	103	76	3	2	103	5	103	9.83e-38	125
A3KPF5	sp|Q91W90|TXND5_MOUSE	29.412	102	70	2	1	101	309	409	1.22e-37	133
A3KPF5	sp|Q91W90|TXND5_MOUSE	27.723	101	70	3	3	102	179	277	1.03e-31	117
A3KPF5	sp|Q91W90|TXND5_MOUSE	25.253	99	71	3	5	101	53	150	1.31e-29	112
A3KPF5	sp|P14949|THIO_BACSU	21.154	104	77	3	1	103	3	102	1.24e-37	125
A3KPF5	sp|Q7M1B9|THIO_CHLAA	24.038	104	74	3	2	103	5	105	1.50e-37	125
A3KPF5	sp|P9WG67|THIO_MYCTU	22.549	102	74	3	2	101	10	108	1.72e-37	125
A3KPF5	sp|P9WG66|THIO_MYCTO	22.549	102	74	3	2	101	10	108	1.72e-37	125
A3KPF5	sp|P0A617|THIO_MYCBO	22.549	102	74	3	2	101	10	108	1.72e-37	125
A3KPF5	sp|Q75M08|PDI21_ORYSJ	30.189	106	70	3	1	103	150	254	1.73e-37	132
A3KPF5	sp|Q75M08|PDI21_ORYSJ	28.846	104	71	2	1	102	32	134	1.84e-37	132
A3KPF5	sp|Q1RQI9|THIO_MALSM	25.773	97	70	1	7	103	8	102	1.84e-37	124
A3KPF5	sp|P08058|THIO_RHOSH	20.588	102	76	3	2	101	4	102	2.03e-37	124
A3KPF5	sp|P96132|THIO_THIRO	22.222	90	66	2	1	89	5	91	2.45e-37	124
A3KPF5	sp|Q94F09|PDI52_ARATH	33.981	103	68	0	1	103	34	136	2.50e-37	133
A3KPF5	sp|Q9SRG3|PDI12_ARATH	35.514	107	65	2	1	103	31	137	2.55e-37	134
A3KPF5	sp|Q9SRG3|PDI12_ARATH	27.358	106	72	4	1	103	374	477	7.33e-26	102
A3KPF5	sp|P04785|PDIA1_RAT	34.906	106	66	1	1	103	28	133	5.15e-37	133
A3KPF5	sp|P04785|PDIA1_RAT	26.415	106	71	4	1	102	371	473	4.52e-26	103
A3KPF5	sp|Q9PJK3|THIO_CHLMU	25.000	104	72	3	1	103	2	100	5.15e-37	123
A3KPF5	sp|O84544|THIO_CHLTR	22.115	104	75	3	1	103	2	100	6.00e-37	123
A3KPF5	sp|Q8JG64|PDIA3_CHICK	31.429	105	67	3	1	103	27	128	6.18e-37	132
A3KPF5	sp|Q8JG64|PDIA3_CHICK	23.364	107	76	4	1	103	376	480	1.03e-28	110
A3KPF5	sp|Q8R4U2|PDIA1_CRIGR	34.906	106	66	1	1	103	28	133	6.73e-37	132
A3KPF5	sp|Q8R4U2|PDIA1_CRIGR	26.415	106	71	4	1	102	371	473	7.14e-26	102
A3KPF5	sp|P10473|THIO_RHORU	26.471	102	70	3	3	102	3	101	7.67e-37	123
A3KPF5	sp|P38661|PDIA6_MEDSA	32.075	106	68	3	1	103	149	253	1.10e-36	130
A3KPF5	sp|P38661|PDIA6_MEDSA	26.733	101	71	2	4	102	34	133	5.06e-36	128
A3KPF5	sp|Q9Z7P5|THIO_CHLPN	26.923	104	70	3	1	103	2	100	1.16e-36	122
A3KPF5	sp|Q9V438|PDIA6_DROME	32.075	106	63	3	1	100	158	260	1.34e-36	130
A3KPF5	sp|Q9V438|PDIA6_DROME	28.125	96	63	3	1	93	27	119	7.08e-29	110
A3KPF5	sp|P57653|THIO_BUCAI	23.810	105	75	3	1	103	4	105	1.61e-36	122
A3KPF5	sp|Q8NBS9|TXND5_HUMAN	27.451	102	72	2	1	101	324	424	1.75e-36	130
A3KPF5	sp|Q8NBS9|TXND5_HUMAN	25.743	101	72	3	3	102	193	291	7.21e-32	118
A3KPF5	sp|Q8NBS9|TXND5_HUMAN	25.253	99	71	3	5	101	67	164	2.08e-29	111
A3KPF5	sp|P46843|TRXB_MYCLE	23.000	100	72	3	2	99	352	448	2.01e-36	130
A3KPF5	sp|Q869Z0|Y5025_DICDI	27.778	108	67	3	1	100	29	133	2.04e-36	130
A3KPF5	sp|P52230|THIO1_STRCO	19.608	102	77	3	3	102	7	105	2.28e-36	122
A3KPF5	sp|P52227|THIO_CHLCV	20.192	104	77	3	1	103	2	100	2.33e-36	121
A3KPF5	sp|Q7XRB5|PDI12_ORYSJ	28.037	107	73	2	1	103	34	140	3.66e-36	130
A3KPF5	sp|Q7XRB5|PDI12_ORYSJ	24.762	105	75	4	1	103	379	481	2.15e-24	98.6
A3KPF5	sp|P07887|THIO2_CORNE	20.000	105	79	3	1	103	5	106	5.32e-36	121
A3KPF5	sp|P22217|TRX1_YEAST	23.711	97	70	1	5	101	7	99	9.25e-36	120
A3KPF5	sp|P0A4L3|THIO_LISMO	19.231	104	79	3	1	103	2	101	1.60e-35	119
A3KPF5	sp|P0A4L4|THIO_LISIN	19.231	104	79	3	1	103	2	101	1.60e-35	119
A3KPF5	sp|Q54EN4|PDI2_DICDI	28.155	103	73	1	1	103	43	144	1.71e-35	129
A3KPF5	sp|Q54EN4|PDI2_DICDI	29.907	107	68	5	1	102	378	482	4.57e-25	100
A3KPF5	sp|P55059|PDI_HUMIN	30.769	104	69	2	1	103	23	124	4.68e-35	127
A3KPF5	sp|P55059|PDI_HUMIN	27.523	109	70	5	1	103	357	462	1.02e-24	99.7
A3KPF5	sp|Q13087|PDIA2_HUMAN	30.189	106	71	1	1	103	44	149	4.74e-35	128
A3KPF5	sp|Q13087|PDIA2_HUMAN	25.472	106	72	4	1	102	390	492	5.40e-25	100
A3KPF5	sp|Q12730|PDI_ASPNG	28.846	104	71	2	1	103	27	128	5.70e-35	127
A3KPF5	sp|Q12730|PDI_ASPNG	30.000	110	67	5	1	103	361	467	3.21e-24	98.2
A3KPF5	sp|D4B2L8|PDI_ARTBC	30.769	104	69	2	1	103	32	133	6.26e-35	127
A3KPF5	sp|D4B2L8|PDI_ARTBC	26.606	109	70	5	1	102	366	471	4.68e-25	100
A3KPF5	sp|Q00248|PDI_ASPOR	28.846	104	71	2	1	103	31	132	7.22e-35	127
A3KPF5	sp|Q00248|PDI_ASPOR	31.776	107	65	5	1	103	365	467	1.86e-25	101
A3KPF5	sp|Q96JJ7|TMX3_HUMAN	32.632	95	63	1	6	100	32	125	7.94e-35	126
A3KPF5	sp|P17967|PDI_YEAST	30.189	106	69	2	1	103	34	137	8.60e-35	127
A3KPF5	sp|P17967|PDI_YEAST	28.037	107	71	3	1	103	378	482	1.14e-24	99.4
A3KPF5	sp|O48773|PDI23_ARATH	33.333	105	65	3	1	103	32	133	8.61e-35	126
A3KPF5	sp|O48773|PDI23_ARATH	31.373	102	64	3	2	100	165	263	2.10e-30	114
A3KPF5	sp|Q9VYV3|TXND5_DROME	25.000	104	75	2	2	103	40	142	9.39e-35	125
A3KPF5	sp|Q9VYV3|TXND5_DROME	27.723	101	69	3	6	103	310	409	2.43e-30	113
A3KPF5	sp|Q9VYV3|TXND5_DROME	27.885	104	72	3	1	103	168	269	9.52e-30	112
A3KPF5	sp|Q5RCH2|PDIA2_PONAB	30.189	106	71	1	1	103	44	149	9.98e-35	127
A3KPF5	sp|Q5RCH2|PDIA2_PONAB	25.472	106	72	4	1	102	390	492	4.62e-24	97.8
A3KPF5	sp|Q8BXZ1|TMX3_MOUSE	32.632	95	63	1	6	100	35	128	1.04e-34	126
A3KPF5	sp|P59527|THIO_BUCBP	24.038	104	74	3	1	102	5	105	1.13e-34	117
A3KPF5	sp|Q05739|THIO_STRCL	18.182	99	75	3	3	99	7	101	1.22e-34	117
A3KPF5	sp|O30974|THIO_MYCSM	21.154	104	75	4	2	101	8	108	1.26e-34	117
A3KPF5	sp|Q10057|PDI1_SCHPO	29.808	104	70	2	1	103	24	125	1.27e-34	126
A3KPF5	sp|Q10057|PDI1_SCHPO	29.245	106	67	5	2	103	358	459	2.28e-30	115
A3KPF5	sp|Q14554|PDIA5_HUMAN	27.184	103	74	1	1	102	278	380	1.64e-34	126
A3KPF5	sp|Q14554|PDIA5_HUMAN	23.810	105	76	3	1	102	399	502	4.15e-23	95.1
A3KPF5	sp|Q9MAU6|PDI22_ARATH	32.381	105	66	3	1	103	34	135	2.61e-34	125
A3KPF5	sp|Q9MAU6|PDI22_ARATH	29.412	102	66	3	2	100	170	268	2.33e-31	117
A3KPF5	sp|Q8L7S9|TRXY2_ARATH	25.000	100	70	3	5	102	64	160	2.72e-34	118
A3KPF5	sp|Q921X9|PDIA5_MOUSE	27.184	103	74	1	1	102	276	378	3.61e-34	125
A3KPF5	sp|Q921X9|PDIA5_MOUSE	23.810	105	76	3	1	102	397	500	1.33e-23	96.7
A3KPF5	sp|Q67UF5|PDI23_ORYSJ	34.314	102	62	3	1	100	31	129	4.42e-34	124
A3KPF5	sp|Q67UF5|PDI23_ORYSJ	27.451	102	68	3	2	100	168	266	6.79e-30	113
A3KPF5	sp|Q8VX13|PDI13_ARATH	39.423	104	59	2	1	103	101	201	4.69e-34	125
A3KPF5	sp|Q5I0H9|PDIA5_RAT	27.184	103	74	1	1	102	276	378	5.01e-34	125
A3KPF5	sp|Q5I0H9|PDIA5_RAT	22.857	105	77	3	1	102	397	500	1.18e-23	96.7
A3KPF5	sp|Q5R875|TMX3_PONAB	31.579	95	64	1	6	100	32	125	5.34e-34	124
A3KPF5	sp|O51890|THIO_BUCAP	23.810	105	75	3	1	103	4	105	6.80e-34	115
A3KPF5	sp|Q6GNG3|TMX3_XENLA	32.653	98	65	1	6	103	32	128	6.90e-34	124
A3KPF5	sp|Q69ST6|PID13_ORYSJ	30.841	107	70	2	1	103	80	186	1.39e-33	124
A3KPF5	sp|Q69ST6|PID13_ORYSJ	29.524	105	69	5	1	103	425	526	3.59e-26	103
A3KPF5	sp|O83889|THIO_TREPA	27.184	103	71	2	2	103	4	103	1.42e-33	114
A3KPF5	sp|Q5JMR9|TRXY_ORYSJ	24.000	100	71	3	5	102	65	161	1.65e-33	116
A3KPF5	sp|Q2KIL5|PDIA5_BOVIN	26.214	103	75	1	1	102	280	382	2.92e-33	123
A3KPF5	sp|Q2KIL5|PDIA5_BOVIN	23.810	105	76	3	1	102	401	504	9.74e-21	88.6
A3KPF5	sp|Q7XKD0|TRXX_ORYSJ	20.755	106	77	3	1	102	69	171	3.08e-33	116
A3KPF5	sp|Q7KQL8|THIO_PLAF7	21.569	102	76	1	2	103	4	101	3.23e-33	113
A3KPF5	sp|Q6NPF9|TRXY1_ARATH	25.000	100	70	3	5	102	69	165	3.95e-33	115
A3KPF5	sp|Q9UW02|THIO_COPCM	21.649	97	74	1	7	103	9	103	4.60e-33	113
A3KPF5	sp|Q8LD49|TRXX_ARATH	19.811	106	78	3	1	102	71	173	4.61e-33	115
A3KPF5	sp|O17486|THIO_ECHGR	24.510	102	73	1	1	102	7	104	6.03e-33	113
A3KPF5	sp|Q7XQQ2|TRXM3_ORYSJ	22.330	103	75	3	3	103	69	168	9.10e-33	115
A3KPF5	sp|Q95108|THIOM_BOVIN	27.368	95	65	2	10	103	72	163	2.35e-32	113
A3KPF5	sp|Q99757|THIOM_HUMAN	27.368	95	65	2	10	103	72	163	2.57e-32	113
A3KPF5	sp|Q9H3N1|TMX1_HUMAN	21.782	101	75	2	1	101	31	127	3.06e-32	116
A3KPF5	sp|Q9RD25|THIO2_STRCO	20.792	101	75	2	2	101	5	101	3.10e-32	112
A3KPF5	sp|P42115|THIO_NEUCR	23.853	109	76	3	1	103	5	112	3.15e-32	112
A3KPF5	sp|Q11067|PDIA6_CAEEL	30.476	105	65	3	1	100	166	267	3.61e-32	119
A3KPF5	sp|Q11067|PDIA6_CAEEL	29.808	104	67	3	1	101	26	126	1.96e-29	112
A3KPF5	sp|P22803|TRX2_YEAST	20.408	98	73	2	5	101	7	100	3.71e-32	111
A3KPF5	sp|P97615|THIOM_RAT	27.368	95	65	2	10	103	72	163	5.10e-32	112
A3KPF5	sp|Q4N4N8|TXND_THEPA	28.571	105	66	3	2	100	33	134	5.40e-32	114
A3KPF5	sp|Q3T0L2|ERP44_BOVIN	29.630	108	71	2	1	103	31	138	5.57e-32	118
A3KPF5	sp|O14463|TRX1_SCHPO	20.388	103	77	2	1	102	2	100	5.77e-32	110
A3KPF5	sp|P52232|THIO1_SYNY3	26.506	83	57	2	7	88	8	87	7.61e-32	110
A3KPF5	sp|O97508|THIO_HORSE	20.000	100	74	2	5	102	7	102	7.86e-32	110
A3KPF5	sp|Q8TFM8|THIO_FUSCU	20.192	104	77	2	5	103	7	109	8.16e-32	110
A3KPF5	sp|Q8IFW4|THIOT_DROME	20.792	101	75	2	5	103	7	104	8.99e-32	112
A3KPF5	sp|P97493|THIOM_MOUSE	27.368	95	65	2	10	103	72	163	9.80e-32	112
A3KPF5	sp|Q67IX6|PDI14_ORYSJ	36.893	103	65	0	1	103	75	177	1.00e-31	119
A3KPF5	sp|Q50KB1|SEP2_EMIHU	20.952	105	78	4	2	102	20	123	1.54e-31	113
A3KPF5	sp|P29448|TRXH1_ARATH	24.510	102	73	1	2	103	14	111	1.95e-31	109
A3KPF5	sp|P82460|THIO_PIG	21.649	97	70	2	9	103	11	103	2.04e-31	109
A3KPF5	sp|Q9R6P9|THIO_MYCGA	27.273	99	67	2	5	102	6	100	2.34e-31	108
A3KPF5	sp|P29449|TRXH1_TOBAC	21.569	102	76	1	2	103	20	117	2.78e-31	109
A3KPF5	sp|Q9BS26|ERP44_HUMAN	29.630	108	71	2	1	103	31	138	2.95e-31	116
A3KPF5	sp|Q9D1Q6|ERP44_MOUSE	29.630	108	71	2	1	103	31	138	3.17e-31	116
A3KPF5	sp|O97680|THIO_BOVIN	20.619	97	71	2	9	103	11	103	3.48e-31	108
A3KPF5	sp|P50413|THIO_SHEEP	20.619	97	71	2	9	103	11	103	3.60e-31	108
A3KPF5	sp|Q9BDJ3|THIO_CALJA	22.772	101	72	2	5	103	7	103	3.68e-31	108
A3KPF5	sp|Q0Z7W6|TMX1_BOVIN	21.782	101	75	2	1	101	31	127	3.75e-31	113
A3KPF5	sp|P12865|BS2_TRYBB	26.471	102	71	2	2	102	22	120	3.82e-31	117
A3KPF5	sp|Q39362|TRXH2_BRANA	24.211	95	69	1	9	103	21	112	5.76e-31	108
A3KPF5	sp|P29451|THIO_MACMU	22.772	101	72	2	5	103	7	103	5.76e-31	108
A3KPF5	sp|Q43636|TRXH_RICCO	21.569	102	76	1	2	103	14	111	6.38e-31	108
A3KPF5	sp|P25372|TRX3_YEAST	21.359	103	76	2	1	102	27	125	7.25e-31	108
A3KPF5	sp|P10599|THIO_HUMAN	21.782	101	73	2	5	103	7	103	7.41e-31	107
A3KPF5	sp|P08628|THIO_RABIT	22.772	101	72	2	5	103	7	103	9.74e-31	107
A3KPF5	sp|P29429|THIO_EMENI	24.242	99	70	2	5	102	12	106	1.03e-30	107
A3KPF5	sp|Q8VBT0|TMX1_MOUSE	22.772	101	74	2	1	101	31	127	1.05e-30	112
A3KPF5	sp|Q38879|TRXH2_ARATH	21.053	95	71	1	9	103	40	130	1.13e-30	108
A3KPF5	sp|Q6XHI1|THIO2_DROYA	24.719	89	64	1	14	102	18	103	1.26e-30	107
A3KPF5	sp|P09856|TRXF_SPIOL	19.048	105	78	3	1	102	85	185	2.39e-30	109
A3KPF5	sp|D3Z6P0|PDIA2_MOUSE	33.962	106	67	1	1	103	47	152	2.92e-30	115
A3KPF5	sp|D3Z6P0|PDIA2_MOUSE	24.528	106	73	4	1	102	393	495	2.12e-25	101
A3KPF5	sp|Q39239|TRXH4_ARATH	22.105	95	71	1	9	103	21	112	2.94e-30	107
A3KPF5	sp|O81332|TRXF_MESCR	22.857	105	74	3	1	102	86	186	3.01e-30	108
A3KPF5	sp|Q9T042|PDI54_ARATH	24.348	115	72	2	2	101	144	258	3.32e-30	114
A3KPF5	sp|Q8KEA4|THIO1_CHLTE	21.212	99	73	3	7	103	3	98	4.24e-30	105
A3KPF5	sp|O96952|THIO_GEOCY	20.588	102	74	3	5	103	7	104	5.29e-30	105
A3KPF5	sp|Q07090|TRXH2_TOBAC	19.388	98	75	1	6	103	17	110	8.14e-30	105
A3KPF5	sp|O13811|PDI2_SCHPO	27.103	107	73	3	1	103	142	247	1.55e-29	111
A3KPF5	sp|O13811|PDI2_SCHPO	26.168	107	74	4	1	103	22	127	7.38e-27	103
A3KPF5	sp|P20857|THIO2_NOSS1	18.269	104	80	3	1	102	5	105	1.56e-29	104
A3KPF5	sp|Q6Z4I3|TRH21_ORYSJ	16.495	97	77	1	6	102	33	125	1.81e-29	105
A3KPF5	sp|Q9V429|THIO2_DROME	23.596	89	65	1	14	102	18	103	1.92e-29	104
A3KPF5	sp|A2YIW7|TRXH_ORYSI	21.359	103	73	2	5	103	13	111	2.58e-29	104
A3KPF5	sp|Q0D840|TRXH1_ORYSJ	21.359	103	73	2	5	103	13	111	2.58e-29	104
A3KPF5	sp|Q1RQJ0|THX29_ASPFM	23.077	104	76	3	1	102	5	106	3.45e-29	103
A3KPF5	sp|Q9DGI3|THIO_ICTPU	20.952	105	78	3	1	102	2	104	3.77e-29	103
A3KPF5	sp|P52228|THIO3_CORNE	25.000	92	64	2	2	92	38	125	3.79e-29	104
A3KPF5	sp|P34723|THIO_PENCH	20.430	93	70	1	10	102	14	102	3.83e-29	103
A3KPF5	sp|O48897|TRXF_BRANA	19.048	105	78	3	1	102	73	173	3.92e-29	105
A3KPF5	sp|Q1RQJ1|THX28_ASPFM	18.447	103	79	2	1	102	6	104	4.52e-29	103
A3KPF5	sp|Q5R9M3|THIO_PONAB	21.569	102	73	3	5	103	7	104	5.20e-29	103
A3KPF5	sp|Q8S091|TRXF_ORYSJ	21.905	105	75	3	1	102	82	182	6.04e-29	105
A3KPF5	sp|P77395|CNOX_ECOLI	20.755	106	78	3	1	103	6	108	6.47e-29	107
A3KPF5	sp|Q17424|THIO2_CAEEL	28.723	94	63	2	10	102	50	140	6.67e-29	104
A3KPF5	sp|Q39241|TRXH5_ARATH	23.529	102	74	1	2	103	13	110	8.26e-29	103
A3KPF5	sp|P32474|EUG1_YEAST	31.429	105	67	2	2	103	36	138	9.79e-29	110
A3KPF5	sp|O64394|TRXH_WHEAT	21.739	92	68	1	10	101	34	121	1.10e-28	103
A3KPF5	sp|Q9SEU7|TRXM3_ARATH	22.330	103	75	3	3	103	70	169	1.10e-28	104
A3KPF5	sp|O13704|YEU5_SCHPO	25.472	106	72	2	2	101	34	138	1.17e-28	108
A3KPF5	sp|Q9XFH8|TRXF1_ARATH	19.048	105	78	3	1	102	70	170	1.22e-28	104
A3KPF5	sp|O65049|TRXH_PICMA	22.105	95	70	1	7	101	17	107	1.68e-28	102
A3KPF5	sp|O94504|TRX2_SCHPO	21.978	91	67	1	13	103	44	130	1.83e-28	102
A3KPF5	sp|Q6NRT6|DJC10_XENLA	17.822	101	79	2	1	100	132	229	2.43e-28	110
A3KPF5	sp|Q6NRT6|DJC10_XENLA	25.234	107	70	5	4	103	676	779	2.36e-24	99.0
A3KPF5	sp|Q6NRT6|DJC10_XENLA	20.588	102	76	2	1	102	456	552	7.09e-23	94.7
A3KPF5	sp|A3KPF5|PDI15_ARATH	100.000	103	0	0	1	103	79	181	2.76e-28	109
A3KPF5	sp|Q66GQ3|PDI16_ARATH	86.408	103	14	0	1	103	77	179	3.04e-28	109
A3KPF5	sp|Q69SA9|PDI54_ORYSJ	20.690	116	77	2	2	102	144	259	3.08e-28	109
A3KPF5	sp|Q9USR1|TXL1_SCHPO	25.490	102	73	2	1	101	3	102	3.81e-28	106
A3KPF5	sp|Q8GYD1|PDI51_ARATH	21.359	103	78	3	1	101	27	128	4.01e-28	102
A3KPF5	sp|P75512|THIO_MYCPN	27.660	94	63	2	11	103	13	102	4.66e-28	100
A3KPF5	sp|Q9XFH9|TRXF2_ARATH	19.048	105	78	3	1	102	80	180	5.30e-28	103
A3KPF5	sp|P11232|THIO_RAT	17.822	101	77	2	5	103	7	103	5.85e-28	100
A3KPF5	sp|P10639|THIO_MOUSE	17.822	101	77	2	5	103	7	103	6.90e-28	100
A3KPF5	sp|Q09433|THIO1_CAEEL	21.429	98	71	2	6	101	15	108	7.95e-28	100
A3KPF5	sp|Q10N04|PDI51_ORYSJ	18.447	103	81	3	1	101	31	132	1.35e-27	100
A3KPF5	sp|A2YUQ6|CITRX_ORYSI	19.626	107	78	3	1	102	83	186	1.55e-27	102
A3KPF5	sp|Q96419|TRXH_FAGES	16.667	96	76	1	6	101	17	108	1.77e-27	99.7
A3KPF5	sp|Q9TW67|NGLY1_CAEEL	17.778	90	70	1	14	103	20	105	2.55e-27	107
A3KPF5	sp|Q5WNE3|NGLY1_CAEBR	21.505	93	69	1	11	103	17	105	2.77e-27	107
A3KPF5	sp|Q9DC23|DJC10_MOUSE	19.802	101	77	2	1	100	131	228	3.39e-27	107
A3KPF5	sp|Q9DC23|DJC10_MOUSE	21.698	106	74	3	2	101	673	775	2.41e-24	99.0
A3KPF5	sp|Q9DC23|DJC10_MOUSE	23.529	102	73	2	1	102	455	551	5.72e-24	97.8
A3KPF5	sp|Q8H2V6|CITRX_ORYSJ	19.626	107	78	3	1	102	83	186	3.42e-27	101
A3KPF5	sp|Q498R3|DJC10_RAT	19.802	101	77	2	1	100	131	228	4.40e-27	106
A3KPF5	sp|Q498R3|DJC10_RAT	19.811	106	76	3	2	101	673	775	1.70e-24	99.4
A3KPF5	sp|Q498R3|DJC10_RAT	23.529	102	73	2	1	102	455	551	4.27e-24	98.2
A3KPF5	sp|Q42403|TRXH3_ARATH	19.417	103	75	2	5	103	12	110	9.05e-27	98.2
A3KPF5	sp|Q5R5L3|DJC10_PONAB	17.822	101	79	2	1	100	131	228	1.08e-26	105
A3KPF5	sp|Q5R5L3|DJC10_PONAB	19.811	106	76	3	4	103	675	777	6.49e-25	100
A3KPF5	sp|Q5R5L3|DJC10_PONAB	22.549	102	74	2	1	102	455	551	1.54e-24	99.4
A3KPF5	sp|Q8IXB1|DJC10_HUMAN	17.822	101	79	2	1	100	131	228	1.11e-26	105
A3KPF5	sp|Q8IXB1|DJC10_HUMAN	19.811	106	76	3	4	103	675	777	1.02e-24	99.7
A3KPF5	sp|Q8IXB1|DJC10_HUMAN	22.549	102	74	2	1	102	455	551	1.59e-24	99.4
A3KPF5	sp|Q98TX1|THIO_OPHHA	22.222	90	66	1	14	103	18	103	1.47e-26	97.1
A3KPF5	sp|P47370|THIO_MYCGE	22.105	95	69	2	9	102	11	101	1.48e-26	97.1
A3KPF5	sp|Q851R5|TRH22_ORYSJ	20.690	87	65	1	16	102	44	126	2.48e-26	97.4
A3KPF5	sp|P08629|THIO_CHICK	19.388	98	73	2	7	102	9	102	3.94e-26	95.9
A3KPF5	sp|P73263|THIO2_SYNY3	20.930	86	64	2	2	86	4	86	3.95e-26	96.3
A3KPF5	sp|P29450|TRXF_PEA	20.952	105	76	3	1	102	77	177	4.75e-26	98.2
A3KPF5	sp|Q9LJU2|PDI53_ARATH	21.552	116	76	2	2	102	144	259	8.46e-26	102
A3KPF5	sp|Q12404|MPD1_YEAST	22.314	121	70	5	1	100	31	148	2.58e-25	99.4
A3KPF5	sp|O51088|THIO_BORBU	20.202	99	73	3	5	102	19	112	3.48e-25	94.0
A3KPF5	sp|C9K7C5|AMT13_ALTAL	19.192	99	75	2	5	102	12	106	1.04e-24	92.8
A3KPF5	sp|Q8JGM4|QSOX1_CHICK	22.353	85	64	1	10	92	62	146	1.50e-24	99.4
A3KPF5	sp|Q9XIF4|TRXH7_ARATH	18.947	95	73	1	9	103	36	126	1.81e-24	92.4
A3KPF5	sp|P68176|TRXH_BRAOL	23.158	95	69	1	9	103	26	116	6.41e-24	90.9
A3KPF5	sp|P68177|TRXH1_BRANA	23.158	95	69	1	9	103	26	116	6.41e-24	90.9
A3KPF5	sp|O64432|TRXH_BRACM	23.158	95	69	1	9	103	26	116	8.79e-24	90.5
A3KPF5	sp|Q9M7X9|CITRX_ARATH	18.692	107	79	3	1	102	77	180	1.00e-23	92.0
A3KPF5	sp|M1A3D5|CITRX_SOLTU	18.692	107	79	3	1	102	69	172	1.81e-23	91.3
A3KPF5	sp|Q6IUU3|QSOX1_RAT	22.989	87	65	1	12	96	57	143	1.90e-23	96.3
A3KPF5	sp|Q9LKW0|CITRX_SOLLC	18.692	107	79	3	1	102	69	172	1.91e-23	91.3
A3KPF5	sp|P60226|THIO1_DROYA	16.190	105	81	3	1	103	4	103	6.19e-23	87.8
A3KPF5	sp|P85801|TRXH_POPJC	17.822	101	75	2	5	101	31	127	6.96e-23	89.0
A3KPF5	sp|Q6JE37|CITX2_NICBE	18.692	107	79	3	1	102	75	178	7.53e-23	89.7
A3KPF5	sp|Q6JE38|CITX1_NICBE	18.692	107	79	3	1	102	75	178	8.85e-23	89.7
A3KPF5	sp|P47938|THIO1_DROME	17.778	90	71	1	14	103	17	103	9.27e-23	87.4
A3KPF5	sp|Q8BND5|QSOX1_MOUSE	26.744	86	57	2	12	91	57	142	1.14e-22	94.0
A3KPF5	sp|O64764|TRXO1_ARATH	21.101	109	76	3	1	103	87	191	1.18e-22	89.7
A3KPF5	sp|P80028|TRXH_CHLRE	21.111	90	68	1	14	103	23	109	1.37e-22	87.4
A3KPF5	sp|Q9AS75|TRH41_ORYSJ	18.812	101	74	2	5	101	28	124	2.37e-22	87.0
A3KPF5	sp|P29447|THIO3_DICDI	17.476	103	79	3	1	102	4	101	2.46e-22	86.3
A3KPF5	sp|Q54KN7|THIO5_DICDI	20.202	99	77	1	5	103	7	103	3.59e-22	85.9
A3KPF5	sp|Q75GM1|TRXH5_ORYSJ	16.981	106	80	2	2	103	24	125	4.79e-22	86.7
A3KPF5	sp|Q9C9Y6|TRXH9_ARATH	20.792	101	72	2	5	101	30	126	6.62e-22	86.3
A3KPF5	sp|Q0DKF1|TRH42_ORYSJ	18.557	97	75	1	6	102	34	126	7.07e-22	85.9
A3KPF5	sp|Q8VWG7|TDX_ARATH	19.318	88	67	1	16	103	292	375	7.12e-22	90.9
A3KPF5	sp|Q69AB1|TXND8_RAT	21.951	82	58	2	7	86	9	86	7.38e-22	85.9
A3KPF5	sp|Q5WA72|PDI15_ORYSJ	56.311	103	45	0	1	103	70	172	9.99e-22	91.3
A3KPF5	sp|Q9CAS1|TRXH8_ARATH	19.388	98	75	1	6	103	49	142	1.23e-21	85.9
A3KPF5	sp|H2N4I1|QSOX1_PONAB	23.611	72	53	1	12	81	57	128	1.45e-21	90.9
A3KPF5	sp|P21609|THIO_PEPLI	25.714	105	72	3	2	103	2	103	2.39e-21	84.0
A3KPF5	sp|O00391|QSOX1_HUMAN	23.611	72	53	1	12	81	54	125	3.16e-21	90.1
A3KPF5	sp|P81109|THIO_ACESD	23.077	104	74	3	3	103	3	103	4.09e-21	83.2
A3KPF5	sp|O08841|QSOX1_CAVPO	16.092	87	71	1	12	96	55	141	7.21e-21	89.0
